{"/home/jacob/dev/cygnus-wealth/cygnus-wealth-core/dist/assets/index-BP3uSIqO.js": {"path":"/home/jacob/dev/cygnus-wealth/cygnus-wealth-core/dist/assets/index-BP3uSIqO.js","all":true,"statementMap":{"0":{"start":{"line":1,"column":0},"end":{"line":1,"column":1266}},"1":{"start":{"line":2,"column":0},"end":{"line":2,"column":17}},"2":{"start":{"line":3,"column":0},"end":{"line":3,"column":34}},"3":{"start":{"line":4,"column":0},"end":{"line":4,"column":2}},"4":{"start":{"line":5,"column":0},"end":{"line":5,"column":53}},"5":{"start":{"line":6,"column":0},"end":{"line":6,"column":2}},"6":{"start":{"line":7,"column":0},"end":{"line":7,"column":66}},"7":{"start":{"line":8,"column":0},"end":{"line":8,"column":58}},"8":{"start":{"line":9,"column":0},"end":{"line":9,"column":485}},"9":{"start":{"line":10,"column":0},"end":{"line":10,"column":17}},"10":{"start":{"line":11,"column":0},"end":{"line":11,"column":22}},"11":{"start":{"line":12,"column":0},"end":{"line":12,"column":2}},"12":{"start":{"line":13,"column":0},"end":{"line":13,"column":53}},"13":{"start":{"line":14,"column":0},"end":{"line":14,"column":2}},"14":{"start":{"line":15,"column":0},"end":{"line":15,"column":66}},"15":{"start":{"line":16,"column":0},"end":{"line":16,"column":58}},"16":{"start":{"line":17,"column":0},"end":{"line":17,"column":7969}},"17":{"start":{"line":18,"column":0},"end":{"line":18,"column":17}},"18":{"start":{"line":19,"column":0},"end":{"line":19,"column":26}},"19":{"start":{"line":20,"column":0},"end":{"line":20,"column":2}},"20":{"start":{"line":21,"column":0},"end":{"line":21,"column":53}},"21":{"start":{"line":22,"column":0},"end":{"line":22,"column":2}},"22":{"start":{"line":23,"column":0},"end":{"line":23,"column":66}},"23":{"start":{"line":24,"column":0},"end":{"line":24,"column":58}},"24":{"start":{"line":25,"column":0},"end":{"line":25,"column":3708}},"25":{"start":{"line":26,"column":0},"end":{"line":26,"column":17}},"26":{"start":{"line":27,"column":0},"end":{"line":27,"column":26}},"27":{"start":{"line":28,"column":0},"end":{"line":28,"column":2}},"28":{"start":{"line":29,"column":0},"end":{"line":29,"column":53}},"29":{"start":{"line":30,"column":0},"end":{"line":30,"column":2}},"30":{"start":{"line":31,"column":0},"end":{"line":31,"column":66}},"31":{"start":{"line":32,"column":0},"end":{"line":32,"column":58}},"32":{"start":{"line":33,"column":0},"end":{"line":33,"column":3609}},"33":{"start":{"line":34,"column":0},"end":{"line":34,"column":17}},"34":{"start":{"line":35,"column":0},"end":{"line":35,"column":33}},"35":{"start":{"line":36,"column":0},"end":{"line":36,"column":2}},"36":{"start":{"line":37,"column":0},"end":{"line":37,"column":53}},"37":{"start":{"line":38,"column":0},"end":{"line":38,"column":2}},"38":{"start":{"line":39,"column":0},"end":{"line":39,"column":66}},"39":{"start":{"line":40,"column":0},"end":{"line":40,"column":58}},"40":{"start":{"line":41,"column":0},"end":{"line":41,"column":10208}},"41":{"start":{"line":42,"column":0},"end":{"line":42,"column":75}},"42":{"start":{"line":43,"column":0},"end":{"line":43,"column":985}},"43":{"start":{"line":44,"column":0},"end":{"line":44,"column":14}},"44":{"start":{"line":45,"column":0},"end":{"line":45,"column":328}},"45":{"start":{"line":46,"column":0},"end":{"line":46,"column":633}},"46":{"start":{"line":47,"column":0},"end":{"line":47,"column":37}},"47":{"start":{"line":48,"column":0},"end":{"line":48,"column":123266}},"48":{"start":{"line":49,"column":0},"end":{"line":49,"column":50218}},"49":{"start":{"line":50,"column":0},"end":{"line":50,"column":29}},"50":{"start":{"line":51,"column":0},"end":{"line":51,"column":2}},"51":{"start":{"line":52,"column":0},"end":{"line":52,"column":51}},"52":{"start":{"line":53,"column":0},"end":{"line":53,"column":2}},"53":{"start":{"line":54,"column":0},"end":{"line":54,"column":66}},"54":{"start":{"line":55,"column":0},"end":{"line":55,"column":58}},"55":{"start":{"line":56,"column":0},"end":{"line":56,"column":139623}},"56":{"start":{"line":57,"column":0},"end":{"line":57,"column":140}},"57":{"start":{"line":58,"column":0},"end":{"line":58,"column":38}},"58":{"start":{"line":59,"column":0},"end":{"line":59,"column":167}},"59":{"start":{"line":60,"column":0},"end":{"line":60,"column":125}},"60":{"start":{"line":61,"column":0},"end":{"line":61,"column":12}},"61":{"start":{"line":62,"column":0},"end":{"line":62,"column":59933}},"62":{"start":{"line":63,"column":0},"end":{"line":63,"column":133}},"63":{"start":{"line":64,"column":0},"end":{"line":64,"column":190070}},"65":{"start":{"line":66,"column":0},"end":{"line":66,"column":22}},"66":{"start":{"line":67,"column":0},"end":{"line":67,"column":20737}}},"s":{"0":0,"1":0,"2":0,"3":0,"4":0,"5":0,"6":0,"7":0,"8":0,"9":0,"10":0,"11":0,"12":0,"13":0,"14":0,"15":0,"16":0,"17":0,"18":0,"19":0,"20":0,"21":0,"22":0,"23":0,"24":0,"25":0,"26":0,"27":0,"28":0,"29":0,"30":0,"31":0,"32":0,"33":0,"34":0,"35":0,"36":0,"37":0,"38":0,"39":0,"40":0,"41":0,"42":0,"43":0,"44":0,"45":0,"46":0,"47":0,"48":0,"49":0,"50":0,"51":0,"52":0,"53":0,"54":0,"55":0,"56":0,"57":0,"58":0,"59":0,"60":0,"61":0,"62":0,"63":0,"65":0,"66":0},"branchMap":{"0":{"type":"branch","line":1,"loc":{"start":{"line":1,"column":615206},"end":{"line":67,"column":20737}},"locations":[{"start":{"line":1,"column":615206},"end":{"line":67,"column":20737}}]}},"b":{"0":[0]},"fnMap":{"0":{"name":"(empty-report)","decl":{"start":{"line":1,"column":615206},"end":{"line":67,"column":20737}},"loc":{"start":{"line":1,"column":615206},"end":{"line":67,"column":20737}},"line":1}},"f":{"0":0}}
,"/home/jacob/dev/cygnus-wealth/cygnus-wealth-core/src/App.tsx": {"path":"/home/jacob/dev/cygnus-wealth/cygnus-wealth-core/src/App.tsx","all":true,"statementMap":{"0":{"start":{"line":1,"column":0},"end":{"line":1,"column":64}},"1":{"start":{"line":2,"column":0},"end":{"line":2,"column":63}},"2":{"start":{"line":3,"column":0},"end":{"line":3,"column":46}},"3":{"start":{"line":4,"column":0},"end":{"line":4,"column":44}},"4":{"start":{"line":5,"column":0},"end":{"line":5,"column":59}},"5":{"start":{"line":6,"column":0},"end":{"line":6,"column":63}},"6":{"start":{"line":7,"column":0},"end":{"line":7,"column":40}},"7":{"start":{"line":8,"column":0},"end":{"line":8,"column":53}},"9":{"start":{"line":10,"column":0},"end":{"line":10,"column":16}},"10":{"start":{"line":11,"column":0},"end":{"line":11,"column":10}},"11":{"start":{"line":12,"column":0},"end":{"line":12,"column":42}},"12":{"start":{"line":13,"column":0},"end":{"line":13,"column":19}},"13":{"start":{"line":14,"column":0},"end":{"line":14,"column":23}},"14":{"start":{"line":15,"column":0},"end":{"line":15,"column":18}},"15":{"start":{"line":16,"column":0},"end":{"line":16,"column":49}},"16":{"start":{"line":17,"column":0},"end":{"line":17,"column":53}},"17":{"start":{"line":18,"column":0},"end":{"line":18,"column":60}},"18":{"start":{"line":19,"column":0},"end":{"line":19,"column":70}},"19":{"start":{"line":20,"column":0},"end":{"line":20,"column":91}},"20":{"start":{"line":21,"column":0},"end":{"line":21,"column":22}},"21":{"start":{"line":22,"column":0},"end":{"line":22,"column":20}},"22":{"start":{"line":23,"column":0},"end":{"line":23,"column":19}},"23":{"start":{"line":24,"column":0},"end":{"line":24,"column":24}},"24":{"start":{"line":25,"column":0},"end":{"line":25,"column":20}},"25":{"start":{"line":26,"column":0},"end":{"line":26,"column":21}},"27":{"start":{"line":28,"column":0},"end":{"line":28,"column":1}},"29":{"start":{"line":30,"column":0},"end":{"line":30,"column":18}}},"s":{"0":0,"1":0,"2":0,"3":0,"4":0,"5":0,"6":0,"7":0,"9":0,"10":0,"11":0,"12":0,"13":0,"14":0,"15":0,"16":0,"17":0,"18":0,"19":0,"20":0,"21":0,"22":0,"23":0,"24":0,"25":0,"27":0,"29":0},"branchMap":{"0":{"type":"branch","line":1,"loc":{"start":{"line":1,"column":1060},"end":{"line":30,"column":18}},"locations":[{"start":{"line":1,"column":1060},"end":{"line":30,"column":18}}]}},"b":{"0":[0]},"fnMap":{"0":{"name":"(empty-report)","decl":{"start":{"line":1,"column":1060},"end":{"line":30,"column":18}},"loc":{"start":{"line":1,"column":1060},"end":{"line":30,"column":18}},"line":1}},"f":{"0":0}}
,"/home/jacob/dev/cygnus-wealth/cygnus-wealth-core/src/main.tsx": {"path":"/home/jacob/dev/cygnus-wealth/cygnus-wealth-core/src/main.tsx","all":true,"statementMap":{"0":{"start":{"line":1,"column":0},"end":{"line":1,"column":34}},"1":{"start":{"line":2,"column":0},"end":{"line":2,"column":45}},"2":{"start":{"line":3,"column":0},"end":{"line":3,"column":20}},"3":{"start":{"line":4,"column":0},"end":{"line":4,"column":27}},"5":{"start":{"line":6,"column":0},"end":{"line":6,"column":52}},"6":{"start":{"line":7,"column":0},"end":{"line":7,"column":14}},"7":{"start":{"line":8,"column":0},"end":{"line":8,"column":11}},"8":{"start":{"line":9,"column":0},"end":{"line":9,"column":16}},"9":{"start":{"line":10,"column":0},"end":{"line":10,"column":1}}},"s":{"0":0,"1":0,"2":0,"3":0,"5":0,"6":0,"7":0,"8":0,"9":0},"branchMap":{"0":{"type":"branch","line":1,"loc":{"start":{"line":1,"column":229},"end":{"line":10,"column":1}},"locations":[{"start":{"line":1,"column":229},"end":{"line":10,"column":1}}]}},"b":{"0":[0]},"fnMap":{"0":{"name":"(empty-report)","decl":{"start":{"line":1,"column":229},"end":{"line":10,"column":1}},"loc":{"start":{"line":1,"column":229},"end":{"line":10,"column":1}},"line":1}},"f":{"0":0}}
,"/home/jacob/dev/cygnus-wealth/cygnus-wealth-core/src/components/Dashboard.tsx": {"path":"/home/jacob/dev/cygnus-wealth/cygnus-wealth-core/src/components/Dashboard.tsx","all":false,"statementMap":{"0":{"start":{"line":1,"column":0},"end":{"line":1,"column":42}},"1":{"start":{"line":2,"column":0},"end":{"line":2,"column":8}},"17":{"start":{"line":18,"column":0},"end":{"line":18,"column":40}},"18":{"start":{"line":19,"column":0},"end":{"line":19,"column":88}},"19":{"start":{"line":20,"column":0},"end":{"line":20,"column":45}},"20":{"start":{"line":21,"column":0},"end":{"line":21,"column":57}},"23":{"start":{"line":24,"column":0},"end":{"line":24,"column":26}},"25":{"start":{"line":26,"column":0},"end":{"line":26,"column":37}},"26":{"start":{"line":27,"column":0},"end":{"line":27,"column":52}},"27":{"start":{"line":28,"column":0},"end":{"line":28,"column":66}},"30":{"start":{"line":31,"column":0},"end":{"line":31,"column":10}},"31":{"start":{"line":32,"column":0},"end":{"line":32,"column":14}},"32":{"start":{"line":33,"column":0},"end":{"line":33,"column":12}},"33":{"start":{"line":34,"column":0},"end":{"line":34,"column":15}},"34":{"start":{"line":35,"column":0},"end":{"line":35,"column":14}},"35":{"start":{"line":36,"column":0},"end":{"line":36,"column":17}},"38":{"start":{"line":39,"column":0},"end":{"line":39,"column":19}},"41":{"start":{"line":42,"column":0},"end":{"line":42,"column":86}},"44":{"start":{"line":45,"column":0},"end":{"line":45,"column":42}},"45":{"start":{"line":46,"column":0},"end":{"line":46,"column":38}},"55":{"start":{"line":56,"column":0},"end":{"line":56,"column":9}},"58":{"start":{"line":59,"column":0},"end":{"line":59,"column":29}},"59":{"start":{"line":60,"column":0},"end":{"line":60,"column":71}},"60":{"start":{"line":61,"column":0},"end":{"line":61,"column":109}},"61":{"start":{"line":62,"column":0},"end":{"line":62,"column":72}},"63":{"start":{"line":64,"column":0},"end":{"line":64,"column":69}},"64":{"start":{"line":65,"column":0},"end":{"line":65,"column":41}},"65":{"start":{"line":66,"column":0},"end":{"line":66,"column":48}},"66":{"start":{"line":67,"column":0},"end":{"line":67,"column":40}},"67":{"start":{"line":68,"column":0},"end":{"line":68,"column":72}},"69":{"start":{"line":70,"column":0},"end":{"line":70,"column":21}},"70":{"start":{"line":71,"column":0},"end":{"line":71,"column":40}},"71":{"start":{"line":72,"column":0},"end":{"line":72,"column":56}},"72":{"start":{"line":73,"column":0},"end":{"line":73,"column":41}},"73":{"start":{"line":74,"column":0},"end":{"line":74,"column":37}},"74":{"start":{"line":75,"column":0},"end":{"line":75,"column":66}},"75":{"start":{"line":76,"column":0},"end":{"line":76,"column":54}},"76":{"start":{"line":77,"column":0},"end":{"line":77,"column":71}},"77":{"start":{"line":78,"column":0},"end":{"line":78,"column":14}},"78":{"start":{"line":79,"column":0},"end":{"line":79,"column":27}},"79":{"start":{"line":80,"column":0},"end":{"line":80,"column":18}},"80":{"start":{"line":81,"column":0},"end":{"line":81,"column":21}},"81":{"start":{"line":82,"column":0},"end":{"line":82,"column":40}},"82":{"start":{"line":83,"column":0},"end":{"line":83,"column":28}},"83":{"start":{"line":84,"column":0},"end":{"line":84,"column":75}},"84":{"start":{"line":85,"column":0},"end":{"line":85,"column":12}},"85":{"start":{"line":86,"column":0},"end":{"line":86,"column":40}},"86":{"start":{"line":87,"column":0},"end":{"line":87,"column":32}},"87":{"start":{"line":88,"column":0},"end":{"line":88,"column":28}},"88":{"start":{"line":89,"column":0},"end":{"line":89,"column":28}},"89":{"start":{"line":90,"column":0},"end":{"line":90,"column":27}},"90":{"start":{"line":91,"column":0},"end":{"line":91,"column":28}},"91":{"start":{"line":92,"column":0},"end":{"line":92,"column":42}},"92":{"start":{"line":93,"column":0},"end":{"line":93,"column":11}},"93":{"start":{"line":94,"column":0},"end":{"line":94,"column":11}},"94":{"start":{"line":95,"column":0},"end":{"line":95,"column":7}},"95":{"start":{"line":96,"column":0},"end":{"line":96,"column":7}},"97":{"start":{"line":98,"column":0},"end":{"line":98,"column":41}},"98":{"start":{"line":99,"column":0},"end":{"line":99,"column":25}},"101":{"start":{"line":102,"column":0},"end":{"line":102,"column":42}},"102":{"start":{"line":103,"column":0},"end":{"line":103,"column":23}},"103":{"start":{"line":104,"column":0},"end":{"line":104,"column":61}},"106":{"start":{"line":107,"column":0},"end":{"line":107,"column":71}},"107":{"start":{"line":108,"column":0},"end":{"line":108,"column":56}},"108":{"start":{"line":109,"column":0},"end":{"line":109,"column":47}},"109":{"start":{"line":110,"column":0},"end":{"line":110,"column":67}},"112":{"start":{"line":113,"column":0},"end":{"line":113,"column":57}},"113":{"start":{"line":114,"column":0},"end":{"line":114,"column":33}},"114":{"start":{"line":115,"column":0},"end":{"line":115,"column":22}},"115":{"start":{"line":116,"column":0},"end":{"line":116,"column":4}},"117":{"start":{"line":118,"column":0},"end":{"line":118,"column":10}},"118":{"start":{"line":119,"column":0},"end":{"line":119,"column":42}},"119":{"start":{"line":120,"column":0},"end":{"line":120,"column":21}},"120":{"start":{"line":121,"column":0},"end":{"line":121,"column":32}},"121":{"start":{"line":122,"column":0},"end":{"line":122,"column":45}},"123":{"start":{"line":124,"column":0},"end":{"line":124,"column":20}},"124":{"start":{"line":125,"column":0},"end":{"line":125,"column":33}},"126":{"start":{"line":127,"column":0},"end":{"line":127,"column":17}},"127":{"start":{"line":128,"column":0},"end":{"line":128,"column":14}},"130":{"start":{"line":131,"column":0},"end":{"line":131,"column":102}},"131":{"start":{"line":132,"column":0},"end":{"line":132,"column":25}},"132":{"start":{"line":133,"column":0},"end":{"line":133,"column":56}},"134":{"start":{"line":135,"column":0},"end":{"line":135,"column":22}},"136":{"start":{"line":137,"column":0},"end":{"line":137,"column":82}},"137":{"start":{"line":138,"column":0},"end":{"line":138,"column":25}},"138":{"start":{"line":139,"column":0},"end":{"line":139,"column":79}},"139":{"start":{"line":140,"column":0},"end":{"line":140,"column":47}},"140":{"start":{"line":141,"column":0},"end":{"line":141,"column":52}},"141":{"start":{"line":142,"column":0},"end":{"line":142,"column":33}},"142":{"start":{"line":143,"column":0},"end":{"line":143,"column":50}},"143":{"start":{"line":144,"column":0},"end":{"line":144,"column":26}},"145":{"start":{"line":146,"column":0},"end":{"line":146,"column":25}},"146":{"start":{"line":147,"column":0},"end":{"line":147,"column":70}},"147":{"start":{"line":148,"column":0},"end":{"line":148,"column":47}},"148":{"start":{"line":149,"column":0},"end":{"line":149,"column":41}},"149":{"start":{"line":150,"column":0},"end":{"line":150,"column":33}},"150":{"start":{"line":151,"column":0},"end":{"line":151,"column":66}},"151":{"start":{"line":152,"column":0},"end":{"line":152,"column":26}},"153":{"start":{"line":154,"column":0},"end":{"line":154,"column":25}},"154":{"start":{"line":155,"column":0},"end":{"line":155,"column":76}},"155":{"start":{"line":156,"column":0},"end":{"line":156,"column":47}},"156":{"start":{"line":157,"column":0},"end":{"line":157,"column":37}},"157":{"start":{"line":158,"column":0},"end":{"line":158,"column":33}},"158":{"start":{"line":159,"column":0},"end":{"line":159,"column":31}},"159":{"start":{"line":160,"column":0},"end":{"line":160,"column":107}},"160":{"start":{"line":161,"column":0},"end":{"line":161,"column":73}},"161":{"start":{"line":162,"column":0},"end":{"line":162,"column":27}},"162":{"start":{"line":163,"column":0},"end":{"line":163,"column":32}},"163":{"start":{"line":164,"column":0},"end":{"line":164,"column":26}},"164":{"start":{"line":165,"column":0},"end":{"line":165,"column":19}},"165":{"start":{"line":166,"column":0},"end":{"line":166,"column":18}},"166":{"start":{"line":167,"column":0},"end":{"line":167,"column":14}},"169":{"start":{"line":170,"column":0},"end":{"line":170,"column":122}},"170":{"start":{"line":171,"column":0},"end":{"line":171,"column":25}},"171":{"start":{"line":172,"column":0},"end":{"line":172,"column":83}},"172":{"start":{"line":173,"column":0},"end":{"line":173,"column":58}},"174":{"start":{"line":175,"column":0},"end":{"line":175,"column":24}},"175":{"start":{"line":176,"column":0},"end":{"line":176,"column":43}},"176":{"start":{"line":177,"column":0},"end":{"line":177,"column":45}},"177":{"start":{"line":178,"column":0},"end":{"line":178,"column":83}},"178":{"start":{"line":179,"column":0},"end":{"line":179,"column":55}},"180":{"start":{"line":181,"column":0},"end":{"line":181,"column":25}},"181":{"start":{"line":182,"column":0},"end":{"line":182,"column":24}},"182":{"start":{"line":183,"column":0},"end":{"line":183,"column":35}},"183":{"start":{"line":184,"column":0},"end":{"line":184,"column":46}},"184":{"start":{"line":185,"column":0},"end":{"line":185,"column":79}},"185":{"start":{"line":186,"column":0},"end":{"line":186,"column":28}},"186":{"start":{"line":187,"column":0},"end":{"line":187,"column":40}},"187":{"start":{"line":188,"column":0},"end":{"line":188,"column":40}},"188":{"start":{"line":189,"column":0},"end":{"line":189,"column":36}},"189":{"start":{"line":190,"column":0},"end":{"line":190,"column":36}},"190":{"start":{"line":191,"column":0},"end":{"line":191,"column":22}},"191":{"start":{"line":192,"column":0},"end":{"line":192,"column":20}},"192":{"start":{"line":193,"column":0},"end":{"line":193,"column":23}},"193":{"start":{"line":194,"column":0},"end":{"line":194,"column":69}},"194":{"start":{"line":195,"column":0},"end":{"line":195,"column":21}},"195":{"start":{"line":196,"column":0},"end":{"line":196,"column":18}},"197":{"start":{"line":198,"column":0},"end":{"line":198,"column":67}},"198":{"start":{"line":199,"column":0},"end":{"line":199,"column":41}},"199":{"start":{"line":200,"column":0},"end":{"line":200,"column":30}},"200":{"start":{"line":201,"column":0},"end":{"line":201,"column":29}},"201":{"start":{"line":202,"column":0},"end":{"line":202,"column":66}},"202":{"start":{"line":203,"column":0},"end":{"line":203,"column":86}},"203":{"start":{"line":204,"column":0},"end":{"line":204,"column":67}},"204":{"start":{"line":205,"column":0},"end":{"line":205,"column":66}},"205":{"start":{"line":206,"column":0},"end":{"line":206,"column":90}},"206":{"start":{"line":207,"column":0},"end":{"line":207,"column":90}},"207":{"start":{"line":208,"column":0},"end":{"line":208,"column":30}},"208":{"start":{"line":209,"column":0},"end":{"line":209,"column":31}},"209":{"start":{"line":210,"column":0},"end":{"line":210,"column":28}},"210":{"start":{"line":211,"column":0},"end":{"line":211,"column":48}},"211":{"start":{"line":212,"column":0},"end":{"line":212,"column":49}},"212":{"start":{"line":213,"column":0},"end":{"line":213,"column":72}},"213":{"start":{"line":214,"column":0},"end":{"line":214,"column":65}},"214":{"start":{"line":215,"column":0},"end":{"line":215,"column":66}},"217":{"start":{"line":218,"column":0},"end":{"line":218,"column":73}},"218":{"start":{"line":219,"column":0},"end":{"line":219,"column":102}},"219":{"start":{"line":220,"column":0},"end":{"line":220,"column":56}},"221":{"start":{"line":222,"column":0},"end":{"line":222,"column":30}},"222":{"start":{"line":223,"column":0},"end":{"line":223,"column":50}},"223":{"start":{"line":224,"column":0},"end":{"line":224,"column":38}},"224":{"start":{"line":225,"column":0},"end":{"line":225,"column":43}},"225":{"start":{"line":226,"column":0},"end":{"line":226,"column":79}},"226":{"start":{"line":227,"column":0},"end":{"line":227,"column":86}},"227":{"start":{"line":228,"column":0},"end":{"line":228,"column":36}},"228":{"start":{"line":229,"column":0},"end":{"line":229,"column":39}},"229":{"start":{"line":230,"column":0},"end":{"line":230,"column":74}},"230":{"start":{"line":231,"column":0},"end":{"line":231,"column":43}},"231":{"start":{"line":232,"column":0},"end":{"line":232,"column":39}},"232":{"start":{"line":233,"column":0},"end":{"line":233,"column":38}},"233":{"start":{"line":234,"column":0},"end":{"line":234,"column":44}},"234":{"start":{"line":235,"column":0},"end":{"line":235,"column":44}},"235":{"start":{"line":236,"column":0},"end":{"line":236,"column":57}},"236":{"start":{"line":237,"column":0},"end":{"line":237,"column":41}},"237":{"start":{"line":238,"column":0},"end":{"line":238,"column":55}},"238":{"start":{"line":239,"column":0},"end":{"line":239,"column":53}},"239":{"start":{"line":240,"column":0},"end":{"line":240,"column":52}},"240":{"start":{"line":241,"column":0},"end":{"line":241,"column":82}},"242":{"start":{"line":243,"column":0},"end":{"line":243,"column":49}},"243":{"start":{"line":244,"column":0},"end":{"line":244,"column":42}},"244":{"start":{"line":245,"column":0},"end":{"line":245,"column":50}},"245":{"start":{"line":246,"column":0},"end":{"line":246,"column":52}},"246":{"start":{"line":247,"column":0},"end":{"line":247,"column":51}},"247":{"start":{"line":248,"column":0},"end":{"line":248,"column":47}},"248":{"start":{"line":249,"column":0},"end":{"line":249,"column":87}},"249":{"start":{"line":250,"column":0},"end":{"line":250,"column":73}},"250":{"start":{"line":251,"column":0},"end":{"line":251,"column":45}},"251":{"start":{"line":252,"column":0},"end":{"line":252,"column":72}},"252":{"start":{"line":253,"column":0},"end":{"line":253,"column":88}},"253":{"start":{"line":254,"column":0},"end":{"line":254,"column":79}},"254":{"start":{"line":255,"column":0},"end":{"line":255,"column":47}},"255":{"start":{"line":256,"column":0},"end":{"line":256,"column":41}},"256":{"start":{"line":257,"column":0},"end":{"line":257,"column":42}},"257":{"start":{"line":258,"column":0},"end":{"line":258,"column":52}},"258":{"start":{"line":259,"column":0},"end":{"line":259,"column":53}},"259":{"start":{"line":260,"column":0},"end":{"line":260,"column":45}},"261":{"start":{"line":262,"column":0},"end":{"line":262,"column":73}},"262":{"start":{"line":263,"column":0},"end":{"line":263,"column":45}},"263":{"start":{"line":264,"column":0},"end":{"line":264,"column":38}},"265":{"start":{"line":266,"column":0},"end":{"line":266,"column":39}},"266":{"start":{"line":267,"column":0},"end":{"line":267,"column":38}},"267":{"start":{"line":268,"column":0},"end":{"line":268,"column":73}},"268":{"start":{"line":269,"column":0},"end":{"line":269,"column":43}},"269":{"start":{"line":270,"column":0},"end":{"line":270,"column":36}},"270":{"start":{"line":271,"column":0},"end":{"line":271,"column":39}},"271":{"start":{"line":272,"column":0},"end":{"line":272,"column":56}},"272":{"start":{"line":273,"column":0},"end":{"line":273,"column":64}},"273":{"start":{"line":274,"column":0},"end":{"line":274,"column":39}},"274":{"start":{"line":275,"column":0},"end":{"line":275,"column":78}},"275":{"start":{"line":276,"column":0},"end":{"line":276,"column":64}},"276":{"start":{"line":277,"column":0},"end":{"line":277,"column":39}},"277":{"start":{"line":278,"column":0},"end":{"line":278,"column":36}},"279":{"start":{"line":280,"column":0},"end":{"line":280,"column":22}},"281":{"start":{"line":282,"column":0},"end":{"line":282,"column":31}},"282":{"start":{"line":283,"column":0},"end":{"line":283,"column":73}},"283":{"start":{"line":284,"column":0},"end":{"line":284,"column":54}},"284":{"start":{"line":285,"column":0},"end":{"line":285,"column":30}},"285":{"start":{"line":286,"column":0},"end":{"line":286,"column":33}},"286":{"start":{"line":287,"column":0},"end":{"line":287,"column":40}},"287":{"start":{"line":288,"column":0},"end":{"line":288,"column":47}},"288":{"start":{"line":289,"column":0},"end":{"line":289,"column":44}},"290":{"start":{"line":291,"column":0},"end":{"line":291,"column":48}},"291":{"start":{"line":292,"column":0},"end":{"line":292,"column":32}},"292":{"start":{"line":293,"column":0},"end":{"line":293,"column":63}},"294":{"start":{"line":295,"column":0},"end":{"line":295,"column":33}},"295":{"start":{"line":296,"column":0},"end":{"line":296,"column":49}},"297":{"start":{"line":298,"column":0},"end":{"line":298,"column":33}},"298":{"start":{"line":299,"column":0},"end":{"line":299,"column":33}},"299":{"start":{"line":300,"column":0},"end":{"line":300,"column":37}},"300":{"start":{"line":301,"column":0},"end":{"line":301,"column":54}},"301":{"start":{"line":302,"column":0},"end":{"line":302,"column":46}},"302":{"start":{"line":303,"column":0},"end":{"line":303,"column":49}},"303":{"start":{"line":304,"column":0},"end":{"line":304,"column":27}},"305":{"start":{"line":306,"column":0},"end":{"line":306,"column":35}},"306":{"start":{"line":307,"column":0},"end":{"line":307,"column":32}},"307":{"start":{"line":308,"column":0},"end":{"line":308,"column":35}},"308":{"start":{"line":309,"column":0},"end":{"line":309,"column":32}},"310":{"start":{"line":311,"column":0},"end":{"line":311,"column":29}},"311":{"start":{"line":312,"column":0},"end":{"line":312,"column":27}},"312":{"start":{"line":313,"column":0},"end":{"line":313,"column":18}},"315":{"start":{"line":316,"column":0},"end":{"line":316,"column":32}},"316":{"start":{"line":317,"column":0},"end":{"line":317,"column":66}},"317":{"start":{"line":318,"column":0},"end":{"line":318,"column":53}},"318":{"start":{"line":319,"column":0},"end":{"line":319,"column":120}},"319":{"start":{"line":320,"column":0},"end":{"line":320,"column":82}},"320":{"start":{"line":321,"column":0},"end":{"line":321,"column":53}},"321":{"start":{"line":322,"column":0},"end":{"line":322,"column":75}},"322":{"start":{"line":323,"column":0},"end":{"line":323,"column":27}},"324":{"start":{"line":325,"column":0},"end":{"line":325,"column":23}},"325":{"start":{"line":326,"column":0},"end":{"line":326,"column":51}},"326":{"start":{"line":327,"column":0},"end":{"line":327,"column":29}},"327":{"start":{"line":328,"column":0},"end":{"line":328,"column":46}},"328":{"start":{"line":329,"column":0},"end":{"line":329,"column":29}},"329":{"start":{"line":330,"column":0},"end":{"line":330,"column":81}},"330":{"start":{"line":331,"column":0},"end":{"line":331,"column":48}},"332":{"start":{"line":333,"column":0},"end":{"line":333,"column":37}},"333":{"start":{"line":334,"column":0},"end":{"line":334,"column":31}},"334":{"start":{"line":335,"column":0},"end":{"line":335,"column":54}},"335":{"start":{"line":336,"column":0},"end":{"line":336,"column":48}},"336":{"start":{"line":337,"column":0},"end":{"line":337,"column":27}},"337":{"start":{"line":338,"column":0},"end":{"line":338,"column":29}},"338":{"start":{"line":339,"column":0},"end":{"line":339,"column":42}},"339":{"start":{"line":340,"column":0},"end":{"line":340,"column":29}},"340":{"start":{"line":341,"column":0},"end":{"line":341,"column":90}},"341":{"start":{"line":342,"column":0},"end":{"line":342,"column":57}},"343":{"start":{"line":344,"column":0},"end":{"line":344,"column":38}},"344":{"start":{"line":345,"column":0},"end":{"line":345,"column":31}},"345":{"start":{"line":346,"column":0},"end":{"line":346,"column":24}},"346":{"start":{"line":347,"column":0},"end":{"line":347,"column":21}},"348":{"start":{"line":349,"column":0},"end":{"line":349,"column":18}},"349":{"start":{"line":350,"column":0},"end":{"line":350,"column":14}},"351":{"start":{"line":352,"column":0},"end":{"line":352,"column":14}},"352":{"start":{"line":353,"column":0},"end":{"line":353,"column":16}},"354":{"start":{"line":355,"column":0},"end":{"line":355,"column":1}}},"s":{"0":1,"1":1,"17":1,"18":1,"19":1,"20":1,"23":1,"25":15,"26":15,"27":15,"30":15,"31":15,"32":15,"33":15,"34":15,"35":15,"38":15,"41":15,"44":15,"45":13,"55":13,"58":13,"59":46,"60":46,"61":46,"63":46,"64":46,"65":46,"66":46,"67":46,"69":46,"70":4,"71":4,"72":4,"73":4,"74":4,"75":4,"76":4,"77":46,"78":42,"79":42,"80":42,"81":42,"82":42,"83":42,"84":42,"85":42,"86":42,"87":42,"88":42,"89":42,"90":42,"91":42,"92":42,"93":42,"94":42,"95":13,"97":13,"98":15,"101":15,"102":1,"103":14,"106":15,"107":15,"108":15,"109":15,"112":15,"113":1,"114":1,"115":1,"117":15,"118":15,"119":15,"120":15,"121":15,"123":15,"124":15,"126":15,"127":15,"130":15,"131":15,"132":15,"134":15,"136":15,"137":15,"138":15,"139":15,"140":15,"141":15,"142":15,"143":15,"145":15,"146":15,"147":15,"148":15,"149":15,"150":15,"151":15,"153":15,"154":15,"155":15,"156":15,"157":15,"158":15,"159":15,"160":15,"161":15,"162":15,"163":15,"164":15,"165":15,"166":15,"169":15,"170":15,"171":15,"172":15,"174":15,"175":15,"176":15,"177":15,"178":15,"180":15,"181":15,"182":15,"183":15,"184":15,"185":15,"186":15,"187":15,"188":15,"189":15,"190":15,"191":15,"192":15,"193":15,"194":15,"195":15,"197":15,"198":15,"199":15,"200":15,"201":15,"202":15,"203":15,"204":15,"205":15,"206":15,"207":15,"208":15,"209":15,"210":15,"211":10,"212":37,"213":37,"214":37,"217":37,"218":4,"219":33,"221":37,"222":37,"223":37,"224":37,"225":37,"226":37,"227":37,"228":37,"229":37,"230":37,"231":37,"232":37,"233":37,"234":4,"235":4,"236":4,"237":4,"238":4,"239":4,"240":4,"242":4,"243":4,"244":4,"245":4,"246":4,"247":4,"248":4,"249":4,"250":4,"251":4,"252":8,"253":8,"254":8,"255":4,"256":4,"257":4,"258":4,"259":4,"261":33,"262":33,"263":33,"265":37,"266":37,"267":37,"268":37,"269":37,"270":37,"271":37,"272":37,"273":37,"274":37,"275":37,"276":37,"277":37,"279":10,"281":5,"282":5,"283":5,"284":5,"285":5,"286":5,"287":5,"288":5,"290":5,"291":5,"292":5,"294":5,"295":5,"297":5,"298":5,"299":5,"300":5,"301":5,"302":5,"303":5,"305":5,"306":5,"307":5,"308":5,"310":15,"311":15,"312":15,"315":15,"316":3,"317":3,"318":3,"319":3,"320":0,"321":0,"322":0,"324":3,"325":3,"326":3,"327":3,"328":3,"329":3,"330":3,"332":3,"333":3,"334":3,"335":3,"336":3,"337":3,"338":3,"339":3,"340":3,"341":3,"343":3,"344":3,"345":3,"346":3,"348":15,"349":15,"351":15,"352":15,"354":15},"branchMap":{"0":{"type":"branch","line":26,"loc":{"start":{"line":26,"column":0},"end":{"line":355,"column":1}},"locations":[{"start":{"line":26,"column":0},"end":{"line":355,"column":1}}]},"1":{"type":"branch","line":102,"loc":{"start":{"line":102,"column":25},"end":{"line":103,"column":23}},"locations":[{"start":{"line":102,"column":25},"end":{"line":103,"column":23}}]},"2":{"type":"branch","line":103,"loc":{"start":{"line":103,"column":6},"end":{"line":104,"column":61}},"locations":[{"start":{"line":103,"column":6},"end":{"line":104,"column":61}}]},"3":{"type":"branch","line":161,"loc":{"start":{"line":161,"column":43},"end":{"line":161,"column":64}},"locations":[{"start":{"line":161,"column":43},"end":{"line":161,"column":64}}]},"4":{"type":"branch","line":161,"loc":{"start":{"line":161,"column":47},"end":{"line":161,"column":73}},"locations":[{"start":{"line":161,"column":47},"end":{"line":161,"column":73}}]},"5":{"type":"branch","line":178,"loc":{"start":{"line":178,"column":27},"end":{"line":178,"column":54}},"locations":[{"start":{"line":178,"column":27},"end":{"line":178,"column":54}}]},"6":{"type":"branch","line":178,"loc":{"start":{"line":178,"column":46},"end":{"line":178,"column":64}},"locations":[{"start":{"line":178,"column":46},"end":{"line":178,"column":64}}]},"7":{"type":"branch","line":194,"loc":{"start":{"line":194,"column":17},"end":{"line":194,"column":69}},"locations":[{"start":{"line":194,"column":17},"end":{"line":194,"column":69}}]},"8":{"type":"branch","line":211,"loc":{"start":{"line":211,"column":43},"end":{"line":280,"column":22}},"locations":[{"start":{"line":211,"column":43},"end":{"line":280,"column":22}}]},"9":{"type":"branch","line":280,"loc":{"start":{"line":280,"column":21},"end":{"line":309,"column":32}},"locations":[{"start":{"line":280,"column":21},"end":{"line":309,"column":32}}]},"10":{"type":"branch","line":316,"loc":{"start":{"line":316,"column":26},"end":{"line":347,"column":21}},"locations":[{"start":{"line":316,"column":26},"end":{"line":347,"column":21}}]},"11":{"type":"branch","line":320,"loc":{"start":{"line":320,"column":71},"end":{"line":323,"column":27}},"locations":[{"start":{"line":320,"column":71},"end":{"line":323,"column":27}}]},"12":{"type":"branch","line":42,"loc":{"start":{"line":42,"column":44},"end":{"line":42,"column":77}},"locations":[{"start":{"line":42,"column":44},"end":{"line":42,"column":77}}]},"13":{"type":"branch","line":45,"loc":{"start":{"line":45,"column":35},"end":{"line":99,"column":5}},"locations":[{"start":{"line":45,"column":35},"end":{"line":99,"column":5}}]},"14":{"type":"branch","line":59,"loc":{"start":{"line":59,"column":19},"end":{"line":96,"column":5}},"locations":[{"start":{"line":59,"column":19},"end":{"line":96,"column":5}}]},"15":{"type":"branch","line":61,"loc":{"start":{"line":61,"column":38},"end":{"line":61,"column":66}},"locations":[{"start":{"line":61,"column":38},"end":{"line":61,"column":66}}]},"16":{"type":"branch","line":61,"loc":{"start":{"line":61,"column":48},"end":{"line":61,"column":99}},"locations":[{"start":{"line":61,"column":48},"end":{"line":61,"column":99}}]},"17":{"type":"branch","line":61,"loc":{"start":{"line":61,"column":75},"end":{"line":61,"column":99}},"locations":[{"start":{"line":61,"column":75},"end":{"line":61,"column":99}}]},"18":{"type":"branch","line":61,"loc":{"start":{"line":61,"column":85},"end":{"line":61,"column":109}},"locations":[{"start":{"line":61,"column":85},"end":{"line":61,"column":109}}]},"19":{"type":"branch","line":62,"loc":{"start":{"line":62,"column":32},"end":{"line":62,"column":54}},"locations":[{"start":{"line":62,"column":32},"end":{"line":62,"column":54}}]},"20":{"type":"branch","line":62,"loc":{"start":{"line":62,"column":42},"end":{"line":62,"column":69}},"locations":[{"start":{"line":62,"column":42},"end":{"line":62,"column":69}}]},"21":{"type":"branch","line":62,"loc":{"start":{"line":62,"column":63},"end":{"line":62,"column":72}},"locations":[{"start":{"line":62,"column":63},"end":{"line":62,"column":72}}]},"22":{"type":"branch","line":67,"loc":{"start":{"line":67,"column":26},"end":{"line":67,"column":40}},"locations":[{"start":{"line":67,"column":26},"end":{"line":67,"column":40}}]},"23":{"type":"branch","line":68,"loc":{"start":{"line":68,"column":28},"end":{"line":68,"column":49}},"locations":[{"start":{"line":68,"column":28},"end":{"line":68,"column":49}}]},"24":{"type":"branch","line":68,"loc":{"start":{"line":68,"column":58},"end":{"line":68,"column":72}},"locations":[{"start":{"line":68,"column":58},"end":{"line":68,"column":72}}]},"25":{"type":"branch","line":70,"loc":{"start":{"line":70,"column":20},"end":{"line":78,"column":13}},"locations":[{"start":{"line":70,"column":20},"end":{"line":78,"column":13}}]},"26":{"type":"branch","line":78,"loc":{"start":{"line":78,"column":6},"end":{"line":95,"column":7}},"locations":[{"start":{"line":78,"column":6},"end":{"line":95,"column":7}}]},"27":{"type":"branch","line":60,"loc":{"start":{"line":60,"column":36},"end":{"line":60,"column":69}},"locations":[{"start":{"line":60,"column":36},"end":{"line":60,"column":69}}]},"28":{"type":"branch","line":104,"loc":{"start":{"line":104,"column":30},"end":{"line":104,"column":59}},"locations":[{"start":{"line":104,"column":30},"end":{"line":104,"column":59}}]},"29":{"type":"branch","line":113,"loc":{"start":{"line":113,"column":34},"end":{"line":116,"column":4}},"locations":[{"start":{"line":113,"column":34},"end":{"line":116,"column":4}}]},"30":{"type":"branch","line":185,"loc":{"start":{"line":185,"column":30},"end":{"line":185,"column":79}},"locations":[{"start":{"line":185,"column":30},"end":{"line":185,"column":79}}]},"31":{"type":"branch","line":212,"loc":{"start":{"line":212,"column":38},"end":{"line":280,"column":21}},"locations":[{"start":{"line":212,"column":38},"end":{"line":280,"column":21}}]},"32":{"type":"branch","line":218,"loc":{"start":{"line":218,"column":72},"end":{"line":219,"column":102}},"locations":[{"start":{"line":218,"column":72},"end":{"line":219,"column":102}}]},"33":{"type":"branch","line":219,"loc":{"start":{"line":219,"column":90},"end":{"line":220,"column":56}},"locations":[{"start":{"line":219,"column":90},"end":{"line":220,"column":56}}]},"34":{"type":"branch","line":234,"loc":{"start":{"line":234,"column":29},"end":{"line":260,"column":45}},"locations":[{"start":{"line":234,"column":29},"end":{"line":260,"column":45}}]},"35":{"type":"branch","line":260,"loc":{"start":{"line":260,"column":30},"end":{"line":264,"column":38}},"locations":[{"start":{"line":260,"column":30},"end":{"line":264,"column":38}}]},"36":{"type":"branch","line":273,"loc":{"start":{"line":273,"column":55},"end":{"line":273,"column":64}},"locations":[{"start":{"line":273,"column":55},"end":{"line":273,"column":64}}]},"37":{"type":"branch","line":276,"loc":{"start":{"line":276,"column":55},"end":{"line":276,"column":64}},"locations":[{"start":{"line":276,"column":55},"end":{"line":276,"column":64}}]},"38":{"type":"branch","line":252,"loc":{"start":{"line":252,"column":56},"end":{"line":255,"column":47}},"locations":[{"start":{"line":252,"column":56},"end":{"line":255,"column":47}}]},"39":{"type":"branch","line":341,"loc":{"start":{"line":341,"column":29},"end":{"line":341,"column":90}},"locations":[{"start":{"line":341,"column":29},"end":{"line":341,"column":90}}]},"40":{"type":"branch","line":341,"loc":{"start":{"line":341,"column":50},"end":{"line":341,"column":88}},"locations":[{"start":{"line":341,"column":50},"end":{"line":341,"column":88}}]}},"b":{"0":[15],"1":[1],"2":[14],"3":[4],"4":[11],"5":[1],"6":[14],"7":[1],"8":[10],"9":[5],"10":[3],"11":[0],"12":[15],"13":[13],"14":[46],"15":[12],"16":[34],"17":[0],"18":[34],"19":[12],"20":[34],"21":[0],"22":[2],"23":[0],"24":[0],"25":[4],"26":[42],"27":[50],"28":[57],"29":[1],"30":[1],"31":[37],"32":[4],"33":[33],"34":[4],"35":[33],"36":[0],"37":[0],"38":[8],"39":[1],"40":[1]},"fnMap":{"0":{"name":"Dashboard","decl":{"start":{"line":26,"column":0},"end":{"line":355,"column":1}},"loc":{"start":{"line":26,"column":0},"end":{"line":355,"column":1}},"line":26},"1":{"name":"handleZeroBalanceChange","decl":{"start":{"line":113,"column":34},"end":{"line":116,"column":4}},"loc":{"start":{"line":113,"column":34},"end":{"line":116,"column":4}},"line":113},"2":{"name":"onChange","decl":{"start":{"line":185,"column":30},"end":{"line":185,"column":79}},"loc":{"start":{"line":185,"column":30},"end":{"line":185,"column":79}},"line":185},"3":{"name":"onClick","decl":{"start":{"line":330,"column":29},"end":{"line":330,"column":81}},"loc":{"start":{"line":330,"column":29},"end":{"line":330,"column":81}},"line":330},"4":{"name":"onClick","decl":{"start":{"line":341,"column":29},"end":{"line":341,"column":90}},"loc":{"start":{"line":341,"column":29},"end":{"line":341,"column":90}},"line":341}},"f":{"0":15,"1":1,"2":1,"3":0,"4":1}}
,"/home/jacob/dev/cygnus-wealth/cygnus-wealth-core/src/components/Layout.tsx": {"path":"/home/jacob/dev/cygnus-wealth/cygnus-wealth-core/src/components/Layout.tsx","all":false,"statementMap":{"0":{"start":{"line":1,"column":0},"end":{"line":1,"column":33}},"1":{"start":{"line":2,"column":0},"end":{"line":2,"column":39}},"2":{"start":{"line":3,"column":0},"end":{"line":3,"column":42}},"3":{"start":{"line":4,"column":0},"end":{"line":4,"column":34}},"5":{"start":{"line":6,"column":0},"end":{"line":6,"column":34}},"6":{"start":{"line":7,"column":0},"end":{"line":7,"column":56}},"8":{"start":{"line":9,"column":0},"end":{"line":9,"column":10}},"9":{"start":{"line":10,"column":0},"end":{"line":10,"column":35}},"10":{"start":{"line":11,"column":0},"end":{"line":11,"column":52}},"13":{"start":{"line":14,"column":0},"end":{"line":14,"column":10}},"14":{"start":{"line":15,"column":0},"end":{"line":15,"column":60}},"15":{"start":{"line":16,"column":0},"end":{"line":16,"column":37}},"16":{"start":{"line":17,"column":0},"end":{"line":17,"column":32}},"18":{"start":{"line":19,"column":0},"end":{"line":19,"column":18}},"19":{"start":{"line":20,"column":0},"end":{"line":20,"column":12}},"20":{"start":{"line":21,"column":0},"end":{"line":21,"column":10}},"22":{"start":{"line":23,"column":0},"end":{"line":23,"column":1}}},"s":{"0":1,"1":1,"2":1,"3":1,"5":4,"6":4,"8":4,"9":4,"10":4,"13":4,"14":4,"15":4,"16":4,"18":4,"19":4,"20":4,"22":4},"branchMap":{"0":{"type":"branch","line":6,"loc":{"start":{"line":6,"column":0},"end":{"line":23,"column":1}},"locations":[{"start":{"line":6,"column":0},"end":{"line":23,"column":1}}]},"1":{"type":"branch","line":15,"loc":{"start":{"line":15,"column":27},"end":{"line":15,"column":50}},"locations":[{"start":{"line":15,"column":27},"end":{"line":15,"column":50}}]},"2":{"type":"branch","line":15,"loc":{"start":{"line":15,"column":41},"end":{"line":15,"column":58}},"locations":[{"start":{"line":15,"column":41},"end":{"line":15,"column":58}}]}},"b":{"0":[4],"1":[1],"2":[3]},"fnMap":{"0":{"name":"Layout","decl":{"start":{"line":6,"column":0},"end":{"line":23,"column":1}},"loc":{"start":{"line":6,"column":0},"end":{"line":23,"column":1}},"line":6}},"f":{"0":4}}
,"/home/jacob/dev/cygnus-wealth/cygnus-wealth-core/src/components/Settings.tsx": {"path":"/home/jacob/dev/cygnus-wealth/cygnus-wealth-core/src/components/Settings.tsx","all":false,"statementMap":{"0":{"start":{"line":1,"column":0},"end":{"line":1,"column":8}},"9":{"start":{"line":10,"column":0},"end":{"line":10,"column":61}},"10":{"start":{"line":11,"column":0},"end":{"line":11,"column":70}},"20":{"start":{"line":21,"column":0},"end":{"line":21,"column":39}},"21":{"start":{"line":22,"column":0},"end":{"line":22,"column":3}},"22":{"start":{"line":23,"column":0},"end":{"line":23,"column":22}},"23":{"start":{"line":24,"column":0},"end":{"line":24,"column":25}},"24":{"start":{"line":25,"column":0},"end":{"line":25,"column":63}},"25":{"start":{"line":26,"column":0},"end":{"line":26,"column":17}},"26":{"start":{"line":27,"column":0},"end":{"line":27,"column":34}},"27":{"start":{"line":28,"column":0},"end":{"line":28,"column":4}},"28":{"start":{"line":29,"column":0},"end":{"line":29,"column":3}},"29":{"start":{"line":30,"column":0},"end":{"line":30,"column":19}},"30":{"start":{"line":31,"column":0},"end":{"line":31,"column":22}},"31":{"start":{"line":32,"column":0},"end":{"line":32,"column":51}},"32":{"start":{"line":33,"column":0},"end":{"line":33,"column":19}},"33":{"start":{"line":34,"column":0},"end":{"line":34,"column":31}},"34":{"start":{"line":35,"column":0},"end":{"line":35,"column":4}},"35":{"start":{"line":36,"column":0},"end":{"line":36,"column":3}},"36":{"start":{"line":37,"column":0},"end":{"line":37,"column":24}},"37":{"start":{"line":38,"column":0},"end":{"line":38,"column":27}},"38":{"start":{"line":39,"column":0},"end":{"line":39,"column":54}},"39":{"start":{"line":40,"column":0},"end":{"line":40,"column":17}},"40":{"start":{"line":41,"column":0},"end":{"line":41,"column":36}},"41":{"start":{"line":42,"column":0},"end":{"line":42,"column":4}},"42":{"start":{"line":43,"column":0},"end":{"line":43,"column":3}},"43":{"start":{"line":44,"column":0},"end":{"line":44,"column":15}},"44":{"start":{"line":45,"column":0},"end":{"line":45,"column":28}},"45":{"start":{"line":46,"column":0},"end":{"line":46,"column":55}},"46":{"start":{"line":47,"column":0},"end":{"line":47,"column":21}},"47":{"start":{"line":48,"column":0},"end":{"line":48,"column":27}},"48":{"start":{"line":49,"column":0},"end":{"line":49,"column":4}},"49":{"start":{"line":50,"column":0},"end":{"line":50,"column":2}},"51":{"start":{"line":52,"column":0},"end":{"line":52,"column":36}},"52":{"start":{"line":53,"column":0},"end":{"line":53,"column":33}},"53":{"start":{"line":54,"column":0},"end":{"line":54,"column":59}},"55":{"start":{"line":56,"column":0},"end":{"line":56,"column":24}},"56":{"start":{"line":57,"column":0},"end":{"line":57,"column":22}},"57":{"start":{"line":58,"column":0},"end":{"line":58,"column":3}},"59":{"start":{"line":60,"column":0},"end":{"line":60,"column":10}},"60":{"start":{"line":61,"column":0},"end":{"line":61,"column":42}},"61":{"start":{"line":62,"column":0},"end":{"line":62,"column":21}},"62":{"start":{"line":63,"column":0},"end":{"line":63,"column":13}},"63":{"start":{"line":64,"column":0},"end":{"line":64,"column":45}},"65":{"start":{"line":66,"column":0},"end":{"line":66,"column":20}},"66":{"start":{"line":67,"column":0},"end":{"line":67,"column":33}},"68":{"start":{"line":69,"column":0},"end":{"line":69,"column":17}},"69":{"start":{"line":70,"column":0},"end":{"line":70,"column":14}},"71":{"start":{"line":72,"column":0},"end":{"line":72,"column":78}},"72":{"start":{"line":73,"column":0},"end":{"line":73,"column":40}},"73":{"start":{"line":74,"column":0},"end":{"line":74,"column":35}},"75":{"start":{"line":76,"column":0},"end":{"line":76,"column":20}},"76":{"start":{"line":77,"column":0},"end":{"line":77,"column":21}},"77":{"start":{"line":78,"column":0},"end":{"line":78,"column":29}},"78":{"start":{"line":79,"column":0},"end":{"line":79,"column":25}},"79":{"start":{"line":80,"column":0},"end":{"line":80,"column":30}},"80":{"start":{"line":81,"column":0},"end":{"line":81,"column":33}},"81":{"start":{"line":82,"column":0},"end":{"line":82,"column":24}},"82":{"start":{"line":83,"column":0},"end":{"line":83,"column":21}},"83":{"start":{"line":84,"column":0},"end":{"line":84,"column":43}},"84":{"start":{"line":85,"column":0},"end":{"line":85,"column":32}},"85":{"start":{"line":86,"column":0},"end":{"line":86,"column":26}},"86":{"start":{"line":87,"column":0},"end":{"line":87,"column":38}},"87":{"start":{"line":88,"column":0},"end":{"line":88,"column":25}},"88":{"start":{"line":89,"column":0},"end":{"line":89,"column":32}},"89":{"start":{"line":90,"column":0},"end":{"line":90,"column":42}},"90":{"start":{"line":91,"column":0},"end":{"line":91,"column":18}},"92":{"start":{"line":93,"column":0},"end":{"line":93,"column":75}},"93":{"start":{"line":94,"column":0},"end":{"line":94,"column":22}},"94":{"start":{"line":95,"column":0},"end":{"line":95,"column":25}},"95":{"start":{"line":96,"column":0},"end":{"line":96,"column":32}},"96":{"start":{"line":97,"column":0},"end":{"line":97,"column":37}},"97":{"start":{"line":98,"column":0},"end":{"line":98,"column":36}},"99":{"start":{"line":100,"column":0},"end":{"line":100,"column":38}},"100":{"start":{"line":101,"column":0},"end":{"line":101,"column":24}},"101":{"start":{"line":102,"column":0},"end":{"line":102,"column":42}},"102":{"start":{"line":103,"column":0},"end":{"line":103,"column":79}},"103":{"start":{"line":104,"column":0},"end":{"line":104,"column":34}},"104":{"start":{"line":105,"column":0},"end":{"line":105,"column":27}},"105":{"start":{"line":106,"column":0},"end":{"line":106,"column":77}},"106":{"start":{"line":107,"column":0},"end":{"line":107,"column":40}},"107":{"start":{"line":108,"column":0},"end":{"line":108,"column":27}},"108":{"start":{"line":109,"column":0},"end":{"line":109,"column":26}},"109":{"start":{"line":110,"column":0},"end":{"line":110,"column":24}},"110":{"start":{"line":111,"column":0},"end":{"line":111,"column":23}},"112":{"start":{"line":113,"column":0},"end":{"line":113,"column":13}},"113":{"start":{"line":114,"column":0},"end":{"line":114,"column":15}},"114":{"start":{"line":115,"column":0},"end":{"line":115,"column":14}},"115":{"start":{"line":116,"column":0},"end":{"line":116,"column":16}},"117":{"start":{"line":118,"column":0},"end":{"line":118,"column":1}}},"s":{"0":1,"9":1,"10":1,"20":1,"21":1,"22":1,"23":1,"24":1,"25":1,"26":1,"27":1,"28":1,"29":1,"30":1,"31":1,"32":1,"33":1,"34":1,"35":1,"36":1,"37":1,"38":1,"39":1,"40":1,"41":1,"42":1,"43":1,"44":1,"45":1,"46":1,"47":1,"48":1,"49":1,"51":4,"52":4,"53":4,"55":4,"56":1,"57":1,"59":3,"60":3,"61":3,"62":3,"63":3,"65":3,"66":3,"68":3,"69":3,"71":3,"72":3,"73":12,"75":12,"76":12,"77":12,"78":12,"79":12,"80":12,"81":12,"82":12,"83":12,"84":12,"85":12,"86":12,"87":12,"88":12,"89":12,"90":12,"92":12,"93":12,"94":12,"95":12,"96":12,"97":12,"99":12,"100":12,"101":12,"102":12,"103":12,"104":12,"105":12,"106":12,"107":12,"108":12,"109":12,"110":12,"112":3,"113":3,"114":3,"115":3,"117":3},"branchMap":{"0":{"type":"branch","line":52,"loc":{"start":{"line":52,"column":0},"end":{"line":118,"column":1}},"locations":[{"start":{"line":52,"column":0},"end":{"line":118,"column":1}}]},"1":{"type":"branch","line":56,"loc":{"start":{"line":56,"column":23},"end":{"line":58,"column":3}},"locations":[{"start":{"line":56,"column":23},"end":{"line":58,"column":3}}]},"2":{"type":"branch","line":58,"loc":{"start":{"line":58,"column":2},"end":{"line":118,"column":1}},"locations":[{"start":{"line":58,"column":2},"end":{"line":118,"column":1}}]},"3":{"type":"branch","line":73,"loc":{"start":{"line":73,"column":29},"end":{"line":113,"column":11}},"locations":[{"start":{"line":73,"column":29},"end":{"line":113,"column":11}}]}},"b":{"0":[4],"1":[1],"2":[3],"3":[12]},"fnMap":{"0":{"name":"Settings","decl":{"start":{"line":52,"column":0},"end":{"line":118,"column":1}},"loc":{"start":{"line":52,"column":0},"end":{"line":118,"column":1}},"line":52}},"f":{"0":4}}
,"/home/jacob/dev/cygnus-wealth/cygnus-wealth-core/src/components/SideMenu.tsx": {"path":"/home/jacob/dev/cygnus-wealth/cygnus-wealth-core/src/components/SideMenu.tsx","all":true,"statementMap":{"0":{"start":{"line":1,"column":0},"end":{"line":1,"column":33}},"1":{"start":{"line":2,"column":0},"end":{"line":2,"column":8}},"11":{"start":{"line":12,"column":0},"end":{"line":12,"column":53}},"12":{"start":{"line":13,"column":0},"end":{"line":13,"column":96}},"22":{"start":{"line":23,"column":0},"end":{"line":23,"column":31}},"23":{"start":{"line":24,"column":0},"end":{"line":24,"column":67}},"24":{"start":{"line":25,"column":0},"end":{"line":25,"column":4}},"25":{"start":{"line":26,"column":0},"end":{"line":26,"column":20}},"26":{"start":{"line":27,"column":0},"end":{"line":27,"column":23}},"27":{"start":{"line":28,"column":0},"end":{"line":28,"column":22}},"28":{"start":{"line":29,"column":0},"end":{"line":29,"column":22}},"29":{"start":{"line":30,"column":0},"end":{"line":30,"column":15}},"30":{"start":{"line":31,"column":0},"end":{"line":31,"column":99}},"31":{"start":{"line":32,"column":0},"end":{"line":32,"column":5}},"32":{"start":{"line":33,"column":0},"end":{"line":33,"column":4}},"33":{"start":{"line":34,"column":0},"end":{"line":34,"column":2}},"39":{"start":{"line":40,"column":0},"end":{"line":40,"column":76}},"40":{"start":{"line":41,"column":0},"end":{"line":41,"column":33}},"41":{"start":{"line":42,"column":0},"end":{"line":42,"column":46}},"42":{"start":{"line":43,"column":0},"end":{"line":43,"column":56}},"44":{"start":{"line":45,"column":0},"end":{"line":45,"column":64}},"46":{"start":{"line":47,"column":0},"end":{"line":47,"column":56}},"47":{"start":{"line":48,"column":0},"end":{"line":48,"column":27}},"48":{"start":{"line":49,"column":0},"end":{"line":49,"column":39}},"50":{"start":{"line":51,"column":0},"end":{"line":51,"column":12}},"51":{"start":{"line":52,"column":0},"end":{"line":52,"column":13}},"52":{"start":{"line":53,"column":0},"end":{"line":53,"column":17}},"53":{"start":{"line":54,"column":0},"end":{"line":54,"column":22}},"54":{"start":{"line":55,"column":0},"end":{"line":55,"column":23}},"55":{"start":{"line":56,"column":0},"end":{"line":56,"column":16}},"56":{"start":{"line":57,"column":0},"end":{"line":57,"column":62}},"57":{"start":{"line":58,"column":0},"end":{"line":58,"column":64}},"58":{"start":{"line":59,"column":0},"end":{"line":59,"column":47}},"59":{"start":{"line":60,"column":0},"end":{"line":60,"column":48}},"60":{"start":{"line":61,"column":0},"end":{"line":61,"column":17}},"61":{"start":{"line":62,"column":0},"end":{"line":62,"column":46}},"62":{"start":{"line":63,"column":0},"end":{"line":63,"column":10}},"63":{"start":{"line":64,"column":0},"end":{"line":64,"column":32}},"64":{"start":{"line":65,"column":0},"end":{"line":65,"column":27}},"66":{"start":{"line":67,"column":0},"end":{"line":67,"column":24}},"67":{"start":{"line":68,"column":0},"end":{"line":68,"column":12}},"68":{"start":{"line":69,"column":0},"end":{"line":69,"column":30}},"69":{"start":{"line":70,"column":0},"end":{"line":70,"column":16}},"70":{"start":{"line":71,"column":0},"end":{"line":71,"column":33}},"71":{"start":{"line":72,"column":0},"end":{"line":72,"column":25}},"72":{"start":{"line":73,"column":0},"end":{"line":73,"column":21}},"73":{"start":{"line":74,"column":0},"end":{"line":74,"column":24}},"74":{"start":{"line":75,"column":0},"end":{"line":75,"column":21}},"75":{"start":{"line":76,"column":0},"end":{"line":76,"column":54}},"76":{"start":{"line":77,"column":0},"end":{"line":77,"column":40}},"77":{"start":{"line":78,"column":0},"end":{"line":78,"column":14}},"78":{"start":{"line":79,"column":0},"end":{"line":79,"column":13}},"80":{"start":{"line":81,"column":0},"end":{"line":81,"column":12}},"81":{"start":{"line":82,"column":0},"end":{"line":82,"column":37}},"82":{"start":{"line":83,"column":0},"end":{"line":83,"column":16}},"83":{"start":{"line":84,"column":0},"end":{"line":84,"column":33}},"84":{"start":{"line":85,"column":0},"end":{"line":85,"column":22}},"85":{"start":{"line":86,"column":0},"end":{"line":86,"column":21}},"86":{"start":{"line":87,"column":0},"end":{"line":87,"column":24}},"87":{"start":{"line":88,"column":0},"end":{"line":88,"column":21}},"88":{"start":{"line":89,"column":0},"end":{"line":89,"column":54}},"89":{"start":{"line":90,"column":0},"end":{"line":90,"column":40}},"90":{"start":{"line":91,"column":0},"end":{"line":91,"column":14}},"91":{"start":{"line":92,"column":0},"end":{"line":92,"column":13}},"93":{"start":{"line":94,"column":0},"end":{"line":94,"column":15}},"95":{"start":{"line":96,"column":0},"end":{"line":96,"column":4}},"98":{"start":{"line":99,"column":0},"end":{"line":99,"column":32}},"99":{"start":{"line":100,"column":0},"end":{"line":100,"column":8}},"100":{"start":{"line":101,"column":0},"end":{"line":101,"column":40}},"101":{"start":{"line":102,"column":0},"end":{"line":102,"column":15}},"102":{"start":{"line":103,"column":0},"end":{"line":103,"column":16}},"103":{"start":{"line":104,"column":0},"end":{"line":104,"column":29}},"104":{"start":{"line":105,"column":0},"end":{"line":105,"column":28}},"105":{"start":{"line":106,"column":0},"end":{"line":106,"column":22}},"106":{"start":{"line":107,"column":0},"end":{"line":107,"column":14}},"107":{"start":{"line":108,"column":0},"end":{"line":108,"column":13}},"108":{"start":{"line":109,"column":0},"end":{"line":109,"column":29}},"109":{"start":{"line":110,"column":0},"end":{"line":110,"column":45}},"111":{"start":{"line":112,"column":0},"end":{"line":112,"column":40}},"113":{"start":{"line":114,"column":0},"end":{"line":114,"column":67}},"114":{"start":{"line":115,"column":0},"end":{"line":115,"column":55}},"115":{"start":{"line":116,"column":0},"end":{"line":116,"column":30}},"116":{"start":{"line":117,"column":0},"end":{"line":117,"column":69}},"118":{"start":{"line":119,"column":0},"end":{"line":119,"column":21}},"120":{"start":{"line":121,"column":0},"end":{"line":121,"column":23}},"121":{"start":{"line":122,"column":0},"end":{"line":122,"column":41}},"122":{"start":{"line":123,"column":0},"end":{"line":123,"column":73}},"123":{"start":{"line":124,"column":0},"end":{"line":124,"column":29}},"124":{"start":{"line":125,"column":0},"end":{"line":125,"column":23}},"125":{"start":{"line":126,"column":0},"end":{"line":126,"column":30}},"126":{"start":{"line":127,"column":0},"end":{"line":127,"column":50}},"127":{"start":{"line":128,"column":0},"end":{"line":128,"column":45}},"128":{"start":{"line":129,"column":0},"end":{"line":129,"column":49}},"129":{"start":{"line":130,"column":0},"end":{"line":130,"column":16}},"130":{"start":{"line":131,"column":0},"end":{"line":131,"column":14}},"131":{"start":{"line":132,"column":0},"end":{"line":132,"column":17}},"132":{"start":{"line":133,"column":0},"end":{"line":133,"column":14}},"135":{"start":{"line":136,"column":0},"end":{"line":136,"column":42}},"136":{"start":{"line":137,"column":0},"end":{"line":137,"column":36}},"137":{"start":{"line":138,"column":0},"end":{"line":138,"column":31}},"138":{"start":{"line":139,"column":0},"end":{"line":139,"column":40}},"139":{"start":{"line":140,"column":0},"end":{"line":140,"column":92}},"140":{"start":{"line":141,"column":0},"end":{"line":141,"column":49}},"141":{"start":{"line":142,"column":0},"end":{"line":142,"column":51}},"142":{"start":{"line":143,"column":0},"end":{"line":143,"column":27}},"143":{"start":{"line":144,"column":0},"end":{"line":144,"column":38}},"144":{"start":{"line":145,"column":0},"end":{"line":145,"column":31}},"145":{"start":{"line":146,"column":0},"end":{"line":146,"column":39}},"146":{"start":{"line":147,"column":0},"end":{"line":147,"column":37}},"147":{"start":{"line":148,"column":0},"end":{"line":148,"column":31}},"148":{"start":{"line":149,"column":0},"end":{"line":149,"column":30}},"149":{"start":{"line":150,"column":0},"end":{"line":150,"column":49}},"150":{"start":{"line":151,"column":0},"end":{"line":151,"column":89}},"151":{"start":{"line":152,"column":0},"end":{"line":152,"column":90}},"152":{"start":{"line":153,"column":0},"end":{"line":153,"column":31}},"153":{"start":{"line":154,"column":0},"end":{"line":154,"column":89}},"154":{"start":{"line":155,"column":0},"end":{"line":155,"column":24}},"155":{"start":{"line":156,"column":0},"end":{"line":156,"column":28}},"157":{"start":{"line":158,"column":0},"end":{"line":158,"column":37}},"158":{"start":{"line":159,"column":0},"end":{"line":159,"column":29}},"159":{"start":{"line":160,"column":0},"end":{"line":160,"column":21}},"160":{"start":{"line":161,"column":0},"end":{"line":161,"column":24}},"162":{"start":{"line":163,"column":0},"end":{"line":163,"column":18}},"163":{"start":{"line":164,"column":0},"end":{"line":164,"column":13}},"164":{"start":{"line":165,"column":0},"end":{"line":165,"column":16}},"165":{"start":{"line":166,"column":0},"end":{"line":166,"column":13}},"166":{"start":{"line":167,"column":0},"end":{"line":167,"column":10}},"170":{"start":{"line":171,"column":0},"end":{"line":171,"column":30}},"171":{"start":{"line":172,"column":0},"end":{"line":172,"column":6}},"172":{"start":{"line":173,"column":0},"end":{"line":173,"column":17}},"173":{"start":{"line":174,"column":0},"end":{"line":174,"column":30}},"174":{"start":{"line":175,"column":0},"end":{"line":175,"column":25}},"175":{"start":{"line":176,"column":0},"end":{"line":176,"column":24}},"176":{"start":{"line":177,"column":0},"end":{"line":177,"column":15}},"177":{"start":{"line":178,"column":0},"end":{"line":178,"column":16}},"178":{"start":{"line":179,"column":0},"end":{"line":179,"column":46}},"179":{"start":{"line":180,"column":0},"end":{"line":180,"column":39}},"180":{"start":{"line":181,"column":0},"end":{"line":181,"column":18}},"181":{"start":{"line":182,"column":0},"end":{"line":182,"column":19}},"182":{"start":{"line":183,"column":0},"end":{"line":183,"column":21}},"183":{"start":{"line":184,"column":0},"end":{"line":184,"column":35}},"184":{"start":{"line":185,"column":0},"end":{"line":185,"column":8}},"186":{"start":{"line":187,"column":0},"end":{"line":187,"column":91}},"187":{"start":{"line":188,"column":0},"end":{"line":188,"column":16}},"188":{"start":{"line":189,"column":0},"end":{"line":189,"column":29}},"189":{"start":{"line":190,"column":0},"end":{"line":190,"column":29}},"190":{"start":{"line":191,"column":0},"end":{"line":191,"column":28}},"191":{"start":{"line":192,"column":0},"end":{"line":192,"column":29}},"192":{"start":{"line":193,"column":0},"end":{"line":193,"column":61}},"193":{"start":{"line":194,"column":0},"end":{"line":194,"column":73}},"195":{"start":{"line":196,"column":0},"end":{"line":196,"column":25}},"196":{"start":{"line":197,"column":0},"end":{"line":197,"column":47}},"197":{"start":{"line":198,"column":0},"end":{"line":198,"column":31}},"198":{"start":{"line":199,"column":0},"end":{"line":199,"column":45}},"199":{"start":{"line":200,"column":0},"end":{"line":200,"column":36}},"200":{"start":{"line":201,"column":0},"end":{"line":201,"column":37}},"201":{"start":{"line":202,"column":0},"end":{"line":202,"column":31}},"202":{"start":{"line":203,"column":0},"end":{"line":203,"column":22}},"203":{"start":{"line":204,"column":0},"end":{"line":204,"column":40}},"204":{"start":{"line":205,"column":0},"end":{"line":205,"column":23}},"205":{"start":{"line":206,"column":0},"end":{"line":206,"column":30}},"206":{"start":{"line":207,"column":0},"end":{"line":207,"column":33}},"207":{"start":{"line":208,"column":0},"end":{"line":208,"column":35}},"208":{"start":{"line":209,"column":0},"end":{"line":209,"column":44}},"209":{"start":{"line":210,"column":0},"end":{"line":210,"column":43}},"210":{"start":{"line":211,"column":0},"end":{"line":211,"column":55}},"212":{"start":{"line":213,"column":0},"end":{"line":213,"column":28}},"213":{"start":{"line":214,"column":0},"end":{"line":214,"column":41}},"214":{"start":{"line":215,"column":0},"end":{"line":215,"column":31}},"215":{"start":{"line":216,"column":0},"end":{"line":216,"column":35}},"216":{"start":{"line":217,"column":0},"end":{"line":217,"column":40}},"217":{"start":{"line":218,"column":0},"end":{"line":218,"column":41}},"218":{"start":{"line":219,"column":0},"end":{"line":219,"column":34}},"219":{"start":{"line":220,"column":0},"end":{"line":220,"column":53}},"220":{"start":{"line":221,"column":0},"end":{"line":221,"column":55}},"221":{"start":{"line":222,"column":0},"end":{"line":222,"column":65}},"222":{"start":{"line":223,"column":0},"end":{"line":223,"column":66}},"223":{"start":{"line":224,"column":0},"end":{"line":224,"column":35}},"224":{"start":{"line":225,"column":0},"end":{"line":225,"column":65}},"225":{"start":{"line":226,"column":0},"end":{"line":226,"column":28}},"226":{"start":{"line":227,"column":0},"end":{"line":227,"column":32}},"227":{"start":{"line":228,"column":0},"end":{"line":228,"column":32}},"228":{"start":{"line":229,"column":0},"end":{"line":229,"column":42}},"229":{"start":{"line":230,"column":0},"end":{"line":230,"column":76}},"231":{"start":{"line":232,"column":0},"end":{"line":232,"column":38}},"232":{"start":{"line":233,"column":0},"end":{"line":233,"column":33}},"233":{"start":{"line":234,"column":0},"end":{"line":234,"column":86}},"234":{"start":{"line":235,"column":0},"end":{"line":235,"column":45}},"235":{"start":{"line":236,"column":0},"end":{"line":236,"column":61}},"236":{"start":{"line":237,"column":0},"end":{"line":237,"column":37}},"237":{"start":{"line":238,"column":0},"end":{"line":238,"column":48}},"238":{"start":{"line":239,"column":0},"end":{"line":239,"column":41}},"239":{"start":{"line":240,"column":0},"end":{"line":240,"column":49}},"240":{"start":{"line":241,"column":0},"end":{"line":241,"column":47}},"241":{"start":{"line":242,"column":0},"end":{"line":242,"column":40}},"242":{"start":{"line":243,"column":0},"end":{"line":243,"column":59}},"243":{"start":{"line":244,"column":0},"end":{"line":244,"column":99}},"244":{"start":{"line":245,"column":0},"end":{"line":245,"column":100}},"245":{"start":{"line":246,"column":0},"end":{"line":246,"column":41}},"246":{"start":{"line":247,"column":0},"end":{"line":247,"column":99}},"247":{"start":{"line":248,"column":0},"end":{"line":248,"column":34}},"248":{"start":{"line":249,"column":0},"end":{"line":249,"column":39}},"249":{"start":{"line":250,"column":0},"end":{"line":250,"column":38}},"250":{"start":{"line":251,"column":0},"end":{"line":251,"column":48}},"251":{"start":{"line":252,"column":0},"end":{"line":252,"column":45}},"252":{"start":{"line":253,"column":0},"end":{"line":253,"column":64}},"254":{"start":{"line":255,"column":0},"end":{"line":255,"column":47}},"255":{"start":{"line":256,"column":0},"end":{"line":256,"column":39}},"256":{"start":{"line":257,"column":0},"end":{"line":257,"column":31}},"257":{"start":{"line":258,"column":0},"end":{"line":258,"column":34}},"259":{"start":{"line":260,"column":0},"end":{"line":260,"column":28}},"261":{"start":{"line":262,"column":0},"end":{"line":262,"column":21}},"262":{"start":{"line":263,"column":0},"end":{"line":263,"column":24}},"263":{"start":{"line":264,"column":0},"end":{"line":264,"column":28}},"264":{"start":{"line":265,"column":0},"end":{"line":265,"column":29}},"265":{"start":{"line":266,"column":0},"end":{"line":266,"column":30}},"266":{"start":{"line":267,"column":0},"end":{"line":267,"column":17}},"267":{"start":{"line":268,"column":0},"end":{"line":268,"column":20}},"268":{"start":{"line":269,"column":0},"end":{"line":269,"column":7}},"271":{"start":{"line":272,"column":0},"end":{"line":272,"column":10}},"272":{"start":{"line":273,"column":0},"end":{"line":273,"column":6}},"273":{"start":{"line":274,"column":0},"end":{"line":274,"column":24}},"274":{"start":{"line":275,"column":0},"end":{"line":275,"column":22}},"275":{"start":{"line":276,"column":0},"end":{"line":276,"column":7}},"277":{"start":{"line":278,"column":0},"end":{"line":278,"column":1}}},"s":{"0":0,"1":0,"11":0,"12":0,"22":0,"23":0,"24":0,"25":0,"26":0,"27":0,"28":0,"29":0,"30":0,"31":0,"32":0,"33":0,"39":0,"40":0,"41":0,"42":0,"44":0,"46":0,"47":0,"48":0,"50":0,"51":0,"52":0,"53":0,"54":0,"55":0,"56":0,"57":0,"58":0,"59":0,"60":0,"61":0,"62":0,"63":0,"64":0,"66":0,"67":0,"68":0,"69":0,"70":0,"71":0,"72":0,"73":0,"74":0,"75":0,"76":0,"77":0,"78":0,"80":0,"81":0,"82":0,"83":0,"84":0,"85":0,"86":0,"87":0,"88":0,"89":0,"90":0,"91":0,"93":0,"95":0,"98":0,"99":0,"100":0,"101":0,"102":0,"103":0,"104":0,"105":0,"106":0,"107":0,"108":0,"109":0,"111":0,"113":0,"114":0,"115":0,"116":0,"118":0,"120":0,"121":0,"122":0,"123":0,"124":0,"125":0,"126":0,"127":0,"128":0,"129":0,"130":0,"131":0,"132":0,"135":0,"136":0,"137":0,"138":0,"139":0,"140":0,"141":0,"142":0,"143":0,"144":0,"145":0,"146":0,"147":0,"148":0,"149":0,"150":0,"151":0,"152":0,"153":0,"154":0,"155":0,"157":0,"158":0,"159":0,"160":0,"162":0,"163":0,"164":0,"165":0,"166":0,"170":0,"171":0,"172":0,"173":0,"174":0,"175":0,"176":0,"177":0,"178":0,"179":0,"180":0,"181":0,"182":0,"183":0,"184":0,"186":0,"187":0,"188":0,"189":0,"190":0,"191":0,"192":0,"193":0,"195":0,"196":0,"197":0,"198":0,"199":0,"200":0,"201":0,"202":0,"203":0,"204":0,"205":0,"206":0,"207":0,"208":0,"209":0,"210":0,"212":0,"213":0,"214":0,"215":0,"216":0,"217":0,"218":0,"219":0,"220":0,"221":0,"222":0,"223":0,"224":0,"225":0,"226":0,"227":0,"228":0,"229":0,"231":0,"232":0,"233":0,"234":0,"235":0,"236":0,"237":0,"238":0,"239":0,"240":0,"241":0,"242":0,"243":0,"244":0,"245":0,"246":0,"247":0,"248":0,"249":0,"250":0,"251":0,"252":0,"254":0,"255":0,"256":0,"257":0,"259":0,"261":0,"262":0,"263":0,"264":0,"265":0,"266":0,"267":0,"268":0,"271":0,"272":0,"273":0,"274":0,"275":0,"277":0},"branchMap":{"0":{"type":"branch","line":1,"loc":{"start":{"line":1,"column":8795},"end":{"line":278,"column":1}},"locations":[{"start":{"line":1,"column":8795},"end":{"line":278,"column":1}}]}},"b":{"0":[0]},"fnMap":{"0":{"name":"(empty-report)","decl":{"start":{"line":1,"column":8795},"end":{"line":278,"column":1}},"loc":{"start":{"line":1,"column":8795},"end":{"line":278,"column":1}},"line":1}},"f":{"0":0}}
,"/home/jacob/dev/cygnus-wealth/cygnus-wealth-core/src/components/settings/Accounts.tsx": {"path":"/home/jacob/dev/cygnus-wealth/cygnus-wealth-core/src/components/settings/Accounts.tsx","all":true,"statementMap":{"0":{"start":{"line":1,"column":0},"end":{"line":1,"column":8}},"12":{"start":{"line":13,"column":0},"end":{"line":13,"column":53}},"13":{"start":{"line":14,"column":0},"end":{"line":14,"column":95}},"14":{"start":{"line":15,"column":0},"end":{"line":15,"column":65}},"15":{"start":{"line":16,"column":0},"end":{"line":16,"column":48}},"16":{"start":{"line":17,"column":0},"end":{"line":17,"column":42}},"17":{"start":{"line":18,"column":0},"end":{"line":18,"column":48}},"18":{"start":{"line":19,"column":0},"end":{"line":19,"column":42}},"19":{"start":{"line":20,"column":0},"end":{"line":20,"column":54}},"20":{"start":{"line":21,"column":0},"end":{"line":21,"column":52}},"23":{"start":{"line":24,"column":0},"end":{"line":24,"column":58}},"24":{"start":{"line":25,"column":0},"end":{"line":25,"column":25}},"25":{"start":{"line":26,"column":0},"end":{"line":26,"column":50}},"26":{"start":{"line":27,"column":0},"end":{"line":27,"column":25}},"27":{"start":{"line":28,"column":0},"end":{"line":28,"column":25}},"28":{"start":{"line":29,"column":0},"end":{"line":29,"column":21}},"29":{"start":{"line":30,"column":0},"end":{"line":30,"column":23}},"30":{"start":{"line":31,"column":0},"end":{"line":31,"column":2}},"40":{"start":{"line":41,"column":0},"end":{"line":41,"column":36}},"41":{"start":{"line":42,"column":0},"end":{"line":42,"column":64}},"42":{"start":{"line":43,"column":0},"end":{"line":43,"column":56}},"43":{"start":{"line":44,"column":0},"end":{"line":44,"column":33}},"46":{"start":{"line":47,"column":0},"end":{"line":47,"column":42}},"47":{"start":{"line":48,"column":0},"end":{"line":48,"column":54}},"49":{"start":{"line":50,"column":0},"end":{"line":50,"column":70}},"50":{"start":{"line":51,"column":0},"end":{"line":51,"column":107}},"52":{"start":{"line":53,"column":0},"end":{"line":53,"column":40}},"53":{"start":{"line":54,"column":0},"end":{"line":54,"column":36}},"54":{"start":{"line":55,"column":0},"end":{"line":55,"column":25}},"55":{"start":{"line":56,"column":0},"end":{"line":56,"column":23}},"56":{"start":{"line":57,"column":0},"end":{"line":57,"column":31}},"57":{"start":{"line":58,"column":0},"end":{"line":58,"column":26}},"58":{"start":{"line":59,"column":0},"end":{"line":59,"column":26}},"59":{"start":{"line":60,"column":0},"end":{"line":60,"column":11}},"60":{"start":{"line":61,"column":0},"end":{"line":61,"column":7}},"62":{"start":{"line":63,"column":0},"end":{"line":63,"column":48}},"63":{"start":{"line":64,"column":0},"end":{"line":64,"column":35}},"64":{"start":{"line":65,"column":0},"end":{"line":65,"column":39}},"65":{"start":{"line":66,"column":0},"end":{"line":66,"column":55}},"66":{"start":{"line":67,"column":0},"end":{"line":67,"column":7}},"67":{"start":{"line":68,"column":0},"end":{"line":68,"column":7}},"70":{"start":{"line":71,"column":0},"end":{"line":71,"column":29}},"71":{"start":{"line":72,"column":0},"end":{"line":72,"column":94}},"72":{"start":{"line":73,"column":0},"end":{"line":73,"column":50}},"73":{"start":{"line":74,"column":0},"end":{"line":74,"column":7}},"75":{"start":{"line":76,"column":0},"end":{"line":76,"column":39}},"76":{"start":{"line":77,"column":0},"end":{"line":77,"column":17}},"78":{"start":{"line":79,"column":0},"end":{"line":79,"column":78}},"79":{"start":{"line":80,"column":0},"end":{"line":80,"column":21}},"80":{"start":{"line":81,"column":0},"end":{"line":81,"column":23}},"81":{"start":{"line":82,"column":0},"end":{"line":82,"column":23}},"82":{"start":{"line":83,"column":0},"end":{"line":83,"column":26}},"83":{"start":{"line":84,"column":0},"end":{"line":84,"column":22}},"84":{"start":{"line":85,"column":0},"end":{"line":85,"column":19}},"85":{"start":{"line":86,"column":0},"end":{"line":86,"column":21}},"86":{"start":{"line":87,"column":0},"end":{"line":87,"column":14}},"87":{"start":{"line":88,"column":0},"end":{"line":88,"column":22}},"88":{"start":{"line":89,"column":0},"end":{"line":89,"column":5}},"89":{"start":{"line":90,"column":0},"end":{"line":90,"column":4}},"91":{"start":{"line":92,"column":0},"end":{"line":92,"column":67}},"92":{"start":{"line":93,"column":0},"end":{"line":93,"column":19}},"93":{"start":{"line":94,"column":0},"end":{"line":94,"column":20}},"94":{"start":{"line":95,"column":0},"end":{"line":95,"column":24}},"95":{"start":{"line":96,"column":0},"end":{"line":96,"column":17}},"96":{"start":{"line":97,"column":0},"end":{"line":97,"column":26}},"97":{"start":{"line":98,"column":0},"end":{"line":98,"column":17}},"98":{"start":{"line":99,"column":0},"end":{"line":99,"column":21}},"99":{"start":{"line":100,"column":0},"end":{"line":100,"column":14}},"100":{"start":{"line":101,"column":0},"end":{"line":101,"column":20}},"101":{"start":{"line":102,"column":0},"end":{"line":102,"column":5}},"102":{"start":{"line":103,"column":0},"end":{"line":103,"column":4}},"104":{"start":{"line":105,"column":0},"end":{"line":105,"column":34}},"105":{"start":{"line":106,"column":0},"end":{"line":106,"column":25}},"106":{"start":{"line":107,"column":0},"end":{"line":107,"column":4}},"108":{"start":{"line":109,"column":0},"end":{"line":109,"column":48}},"109":{"start":{"line":110,"column":0},"end":{"line":110,"column":90}},"110":{"start":{"line":111,"column":0},"end":{"line":111,"column":4}},"112":{"start":{"line":113,"column":0},"end":{"line":113,"column":57}},"113":{"start":{"line":114,"column":0},"end":{"line":114,"column":63}},"114":{"start":{"line":115,"column":0},"end":{"line":115,"column":25}},"117":{"start":{"line":118,"column":0},"end":{"line":118,"column":45}},"118":{"start":{"line":119,"column":0},"end":{"line":119,"column":73}},"119":{"start":{"line":120,"column":0},"end":{"line":120,"column":63}},"120":{"start":{"line":121,"column":0},"end":{"line":121,"column":13}},"122":{"start":{"line":123,"column":0},"end":{"line":123,"column":50}},"123":{"start":{"line":124,"column":0},"end":{"line":124,"column":86}},"124":{"start":{"line":125,"column":0},"end":{"line":125,"column":12}},"127":{"start":{"line":128,"column":0},"end":{"line":128,"column":85}},"128":{"start":{"line":129,"column":0},"end":{"line":129,"column":26}},"129":{"start":{"line":130,"column":0},"end":{"line":130,"column":27}},"130":{"start":{"line":131,"column":0},"end":{"line":131,"column":26}},"131":{"start":{"line":132,"column":0},"end":{"line":132,"column":22}},"132":{"start":{"line":133,"column":0},"end":{"line":133,"column":27}},"133":{"start":{"line":134,"column":0},"end":{"line":134,"column":27}},"134":{"start":{"line":135,"column":0},"end":{"line":135,"column":28}},"135":{"start":{"line":136,"column":0},"end":{"line":136,"column":22}},"136":{"start":{"line":137,"column":0},"end":{"line":137,"column":12}},"138":{"start":{"line":139,"column":0},"end":{"line":139,"column":39}},"139":{"start":{"line":140,"column":0},"end":{"line":140,"column":17}},"140":{"start":{"line":141,"column":0},"end":{"line":141,"column":58}},"141":{"start":{"line":142,"column":0},"end":{"line":142,"column":21}},"143":{"start":{"line":144,"column":0},"end":{"line":144,"column":13}},"144":{"start":{"line":145,"column":0},"end":{"line":145,"column":11}},"147":{"start":{"line":148,"column":0},"end":{"line":148,"column":42}},"148":{"start":{"line":149,"column":0},"end":{"line":149,"column":62}},"149":{"start":{"line":150,"column":0},"end":{"line":150,"column":13}},"151":{"start":{"line":152,"column":0},"end":{"line":152,"column":17}},"152":{"start":{"line":153,"column":0},"end":{"line":153,"column":25}},"153":{"start":{"line":154,"column":0},"end":{"line":154,"column":62}},"154":{"start":{"line":155,"column":0},"end":{"line":155,"column":9}},"155":{"start":{"line":156,"column":0},"end":{"line":156,"column":7}},"156":{"start":{"line":157,"column":0},"end":{"line":157,"column":5}},"159":{"start":{"line":160,"column":0},"end":{"line":160,"column":57}},"160":{"start":{"line":161,"column":0},"end":{"line":161,"column":4}},"162":{"start":{"line":163,"column":0},"end":{"line":163,"column":53}},"163":{"start":{"line":164,"column":0},"end":{"line":164,"column":67}},"164":{"start":{"line":165,"column":0},"end":{"line":165,"column":65}},"165":{"start":{"line":166,"column":0},"end":{"line":166,"column":27}},"168":{"start":{"line":169,"column":0},"end":{"line":169,"column":84}},"169":{"start":{"line":170,"column":0},"end":{"line":170,"column":48}},"170":{"start":{"line":171,"column":0},"end":{"line":171,"column":84}},"171":{"start":{"line":172,"column":0},"end":{"line":172,"column":10}},"173":{"start":{"line":174,"column":0},"end":{"line":174,"column":43}},"175":{"start":{"line":176,"column":0},"end":{"line":176,"column":44}},"176":{"start":{"line":177,"column":0},"end":{"line":177,"column":9}},"177":{"start":{"line":178,"column":0},"end":{"line":178,"column":7}},"179":{"start":{"line":180,"column":0},"end":{"line":180,"column":31}},"180":{"start":{"line":181,"column":0},"end":{"line":181,"column":5}},"181":{"start":{"line":182,"column":0},"end":{"line":182,"column":4}},"184":{"start":{"line":185,"column":0},"end":{"line":185,"column":70}},"186":{"start":{"line":187,"column":0},"end":{"line":187,"column":10}},"187":{"start":{"line":188,"column":0},"end":{"line":188,"column":42}},"188":{"start":{"line":189,"column":0},"end":{"line":189,"column":21}},"190":{"start":{"line":191,"column":0},"end":{"line":191,"column":13}},"191":{"start":{"line":192,"column":0},"end":{"line":192,"column":46}},"192":{"start":{"line":193,"column":0},"end":{"line":193,"column":23}},"193":{"start":{"line":194,"column":0},"end":{"line":194,"column":23}},"194":{"start":{"line":195,"column":0},"end":{"line":195,"column":28}},"195":{"start":{"line":196,"column":0},"end":{"line":196,"column":43}},"196":{"start":{"line":197,"column":0},"end":{"line":197,"column":36}},"197":{"start":{"line":198,"column":0},"end":{"line":198,"column":29}},"198":{"start":{"line":199,"column":0},"end":{"line":199,"column":23}},"199":{"start":{"line":200,"column":0},"end":{"line":200,"column":14}},"200":{"start":{"line":201,"column":0},"end":{"line":201,"column":40}},"202":{"start":{"line":203,"column":0},"end":{"line":203,"column":22}},"203":{"start":{"line":204,"column":0},"end":{"line":204,"column":17}},"204":{"start":{"line":205,"column":0},"end":{"line":205,"column":41}},"206":{"start":{"line":207,"column":0},"end":{"line":207,"column":17}},"207":{"start":{"line":208,"column":0},"end":{"line":208,"column":14}},"210":{"start":{"line":211,"column":0},"end":{"line":211,"column":13}},"211":{"start":{"line":212,"column":0},"end":{"line":212,"column":57}},"212":{"start":{"line":213,"column":0},"end":{"line":213,"column":34}},"213":{"start":{"line":214,"column":0},"end":{"line":214,"column":19}},"214":{"start":{"line":215,"column":0},"end":{"line":215,"column":35}},"215":{"start":{"line":216,"column":0},"end":{"line":216,"column":31}},"216":{"start":{"line":217,"column":0},"end":{"line":217,"column":32}},"217":{"start":{"line":218,"column":0},"end":{"line":218,"column":40}},"218":{"start":{"line":219,"column":0},"end":{"line":219,"column":13}},"220":{"start":{"line":221,"column":0},"end":{"line":221,"column":21}},"221":{"start":{"line":222,"column":0},"end":{"line":222,"column":33}},"222":{"start":{"line":223,"column":0},"end":{"line":223,"column":18}},"223":{"start":{"line":224,"column":0},"end":{"line":224,"column":14}},"226":{"start":{"line":227,"column":0},"end":{"line":227,"column":41}},"227":{"start":{"line":228,"column":0},"end":{"line":228,"column":15}},"228":{"start":{"line":229,
[...]
end":{"line":172,"column":13}},"172":{"start":{"line":173,"column":0},"end":{"line":173,"column":22}},"173":{"start":{"line":174,"column":0},"end":{"line":174,"column":23}},"174":{"start":{"line":175,"column":0},"end":{"line":175,"column":24}},"175":{"start":{"line":176,"column":0},"end":{"line":176,"column":50}},"176":{"start":{"line":177,"column":0},"end":{"line":177,"column":12}},"177":{"start":{"line":178,"column":0},"end":{"line":178,"column":11}},"178":{"start":{"line":179,"column":0},"end":{"line":179,"column":8}},"181":{"start":{"line":182,"column":0},"end":{"line":182,"column":37}},"182":{"start":{"line":183,"column":0},"end":{"line":183,"column":25}},"183":{"start":{"line":184,"column":0},"end":{"line":184,"column":55}},"184":{"start":{"line":185,"column":0},"end":{"line":185,"column":12}},"187":{"start":{"line":188,"column":0},"end":{"line":188,"column":61}},"188":{"start":{"line":189,"column":0},"end":{"line":189,"column":42}},"189":{"start":{"line":190,"column":0},"end":{"line":190,"column":7}},"190":{"start":{"line":191,"column":0},"end":{"line":191,"column":5}},"191":{"start":{"line":192,"column":0},"end":{"line":192,"column":36}},"192":{"start":{"line":193,"column":0},"end":{"line":193,"column":53}},"193":{"start":{"line":194,"column":0},"end":{"line":194,"column":31}},"195":{"start":{"line":196,"column":0},"end":{"line":196,"column":46}},"196":{"start":{"line":197,"column":0},"end":{"line":197,"column":17}},"197":{"start":{"line":198,"column":0},"end":{"line":198,"column":72}},"198":{"start":{"line":199,"column":0},"end":{"line":199,"column":12}},"200":{"start":{"line":201,"column":0},"end":{"line":201,"column":9}},"201":{"start":{"line":202,"column":0},"end":{"line":202,"column":5}},"202":{"start":{"line":203,"column":0},"end":{"line":203,"column":3}},"203":{"start":{"line":204,"column":0},"end":{"line":204,"column":2}}},"s":{"0":1,"1":1,"93":1,"94":1,"95":1,"97":6,"98":6,"99":6,"100":6,"101":6,"102":6,"103":6,"104":6,"105":6,"106":6,"109":6,"110":8,"111":8,"112":8,"114":6,"115":5,"116":5,"117":6,"118":5,"119":5,"121":6,"122":3,"123":3,"124":3,"125":3,"127":6,"128":2,"129":2,"130":2,"133":6,"135":6,"136":9,"137":9,"138":9,"140":6,"141":1,"142":1,"143":1,"144":1,"145":1,"147":6,"148":1,"149":1,"150":1,"152":6,"153":1,"154":1,"155":1,"158":6,"159":1,"160":1,"161":1,"163":6,"164":4,"165":4,"166":4,"167":4,"168":4,"169":4,"171":4,"172":4,"173":4,"174":4,"175":4,"176":4,"177":4,"178":4,"181":6,"182":3,"183":3,"184":3,"187":6,"188":6,"189":6,"190":1,"191":1,"192":1,"193":1,"195":141,"196":81,"197":81,"198":141,"200":141,"201":1,"202":1,"203":1},"branchMap":{"0":{"type":"branch","line":96,"loc":{"start":{"line":96,"column":4},"end":{"line":190,"column":7}},"locations":[{"start":{"line":96,"column":4},"end":{"line":190,"column":7}}]},"1":{"type":"branch","line":110,"loc":{"start":{"line":110,"column":18},"end":{"line":113,"column":12}},"locations":[{"start":{"line":110,"column":18},"end":{"line":113,"column":12}}]},"2":{"type":"branch","line":111,"loc":{"start":{"line":111,"column":12},"end":{"line":113,"column":10}},"locations":[{"start":{"line":111,"column":12},"end":{"line":113,"column":10}}]},"3":{"type":"branch","line":115,"loc":{"start":{"line":115,"column":21},"end":{"line":120,"column":12}},"locations":[{"start":{"line":115,"column":21},"end":{"line":120,"column":12}}]},"4":{"type":"branch","line":116,"loc":{"start":{"line":116,"column":12},"end":{"line":120,"column":10}},"locations":[{"start":{"line":116,"column":12},"end":{"line":120,"column":10}}]},"5":{"type":"branch","line":117,"loc":{"start":{"line":117,"column":39},"end":{"line":118,"column":56}},"locations":[{"start":{"line":117,"column":39},"end":{"line":118,"column":56}}]},"6":{"type":"branch","line":118,"loc":{"start":{"line":118,"column":23},"end":{"line":118,"column":53}},"locations":[{"start":{"line":118,"column":23},"end":{"line":118,"column":53}}]},"7":{"type":"branch","line":118,"loc":{"start":{"line":118,"column":49},"end":{"line":118,"column":56}},"locations":[{"start":{"line":118,"column":49},"end":{"line":118,"column":56}}]},"8":{"type":"branch","line":122,"loc":{"start":{"line":122,"column":21},"end":{"line":126,"column":12}},"locations":[{"start":{"line":122,"column":21},"end":{"line":126,"column":12}}]},"9":{"type":"branch","line":123,"loc":{"start":{"line":123,"column":12},"end":{"line":126,"column":10}},"locations":[{"start":{"line":123,"column":12},"end":{"line":126,"column":10}}]},"10":{"type":"branch","line":124,"loc":{"start":{"line":124,"column":42},"end":{"line":124,"column":64}},"locations":[{"start":{"line":124,"column":42},"end":{"line":124,"column":64}}]},"11":{"type":"branch","line":128,"loc":{"start":{"line":128,"column":22},"end":{"line":131,"column":8}},"locations":[{"start":{"line":128,"column":22},"end":{"line":131,"column":8}}]},"12":{"type":"branch","line":130,"loc":{"start":{"line":130,"column":35},"end":{"line":130,"column":57}},"locations":[{"start":{"line":130,"column":35},"end":{"line":130,"column":57}}]},"13":{"type":"branch","line":134,"loc":{"start":{"line":134,"column":17},"end":{"line":134,"column":45}},"locations":[{"start":{"line":134,"column":17},"end":{"line":134,"column":45}}]},"14":{"type":"branch","line":136,"loc":{"start":{"line":136,"column":16},"end":{"line":139,"column":12}},"locations":[{"start":{"line":136,"column":16},"end":{"line":139,"column":12}}]},"15":{"type":"branch","line":137,"loc":{"start":{"line":137,"column":12},"end":{"line":139,"column":10}},"locations":[{"start":{"line":137,"column":12},"end":{"line":139,"column":10}}]},"16":{"type":"branch","line":141,"loc":{"start":{"line":141,"column":19},"end":{"line":146,"column":12}},"locations":[{"start":{"line":141,"column":19},"end":{"line":146,"column":12}}]},"17":{"type":"branch","line":142,"loc":{"start":{"line":142,"column":12},"end":{"line":146,"column":10}},"locations":[{"start":{"line":142,"column":12},"end":{"line":146,"column":10}}]},"18":{"type":"branch","line":143,"loc":{"start":{"line":143,"column":35},"end":{"line":144,"column":62}},"locations":[{"start":{"line":143,"column":35},"end":{"line":144,"column":62}}]},"19":{"type":"branch","line":144,"loc":{"start":{"line":144,"column":53},"end":{"line":144,"column":62}},"locations":[{"start":{"line":144,"column":53},"end":{"line":144,"column":62}}]},"20":{"type":"branch","line":148,"loc":{"start":{"line":148,"column":19},"end":{"line":151,"column":12}},"locations":[{"start":{"line":148,"column":19},"end":{"line":151,"column":12}}]},"21":{"type":"branch","line":149,"loc":{"start":{"line":149,"column":12},"end":{"line":151,"column":10}},"locations":[{"start":{"line":149,"column":12},"end":{"line":151,"column":10}}]},"22":{"type":"branch","line":150,"loc":{"start":{"line":150,"column":38},"end":{"line":150,"column":64}},"locations":[{"start":{"line":150,"column":38},"end":{"line":150,"column":64}}]},"23":{"type":"branch","line":153,"loc":{"start":{"line":153,"column":26},"end":{"line":156,"column":8}},"locations":[{"start":{"line":153,"column":26},"end":{"line":156,"column":8}}]},"24":{"type":"branch","line":155,"loc":{"start":{"line":155,"column":35},"end":{"line":155,"column":75}},"locations":[{"start":{"line":155,"column":35},"end":{"line":155,"column":75}}]},"25":{"type":"branch","line":159,"loc":{"start":{"line":159,"column":23},"end":{"line":162,"column":12}},"locations":[{"start":{"line":159,"column":23},"end":{"line":162,"column":12}}]},"26":{"type":"branch","line":160,"loc":{"start":{"line":160,"column":12},"end":{"line":162,"column":10}},"locations":[{"start":{"line":160,"column":12},"end":{"line":162,"column":10}}]},"27":{"type":"branch","line":164,"loc":{"start":{"line":164,"column":27},"end":{"line":179,"column":8}},"locations":[{"start":{"line":164,"column":27},"end":{"line":179,"column":8}}]},"28":{"type":"branch","line":167,"loc":{"start":{"line":167,"column":10},"end":{"line":167,"column":54}},"locations":[{"start":{"line":167,"column":10},"end":{"line":167,"column":54}}]},"29":{"type":"branch","line":167,"loc":{"start":{"line":167,"column":39},"end":{"line":167,"column":54}},"locations":[{"start":{"line":167,"column":39},"end":{"line":167,"column":54}}]},"30":{"type":"branch","line":182,"loc":{"start":{"line":182,"column":19},"end":{"line":185,"column":12}},"locations":[{"start":{"line":182,"column":19},"end":{"line":185,"column":12}}]},"31":{"type":"branch","line":183,"loc":{"start":{"line":183,"column":12},"end":{"line":185,"column":10}},"locations":[{"start":{"line":183,"column":12},"end":{"line":185,"column":10}}]},"32":{"type":"branch","line":188,"loc":{"start":{"line":188,"column":20},"end":{"line":188,"column":61}},"locations":[{"start":{"line":188,"column":20},"end":{"line":188,"column":61}}]},"33":{"type":"branch","line":189,"loc":{"start":{"line":189,"column":16},"end":{"line":189,"column":42}},"locations":[{"start":{"line":189,"column":16},"end":{"line":189,"column":42}}]},"34":{"type":"branch","line":193,"loc":{"start":{"line":193,"column":33},"end":{"line":193,"column":51}},"locations":[{"start":{"line":193,"column":33},"end":{"line":193,"column":51}}]},"35":{"type":"branch","line":194,"loc":{"start":{"line":194,"column":18},"end":{"line":201,"column":9}},"locations":[{"start":{"line":194,"column":18},"end":{"line":201,"column":9}}]},"36":{"type":"branch","line":196,"loc":{"start":{"line":196,"column":37},"end":{"line":199,"column":10}},"locations":[{"start":{"line":196,"column":37},"end":{"line":199,"column":10}}]}},"b":{"0":[6],"1":[8],"2":[8],"3":[5],"4":[5],"5":[6],"6":[5],"7":[1],"8":[3],"9":[3],"10":[4],"11":[2],"12":[2],"13":[6],"14":[9],"15":[9],"16":[1],"17":[1],"18":[1],"19":[0],"20":[1],"21":[1],"22":[1],"23":[1],"24":[3],"25":[1],"26":[1],"27":[4],"28":[3],"29":[0],"30":[3],"31":[3],"32":[9],"33":[3],"34":[6],"35":[141],"36":[81]},"fnMap":{"0":{"name":"useStore.name","decl":{"start":{"line":96,"column":4},"end":{"line":190,"column":7}},"loc":{"start":{"line":96,"column":4},"end":{"line":190,"column":7}},"line":96},"1":{"name":"addAccount","decl":{"start":{"line":110,"column":18},"end":{"line":113,"column":12}},"loc":{"start":{"line":110,"column":18},"end":{"line":113,"column":12}},"line":110},"2":{"name":"updateAccount","decl":{"start":{"line":115,"column":21},"end":{"line":120,"column":12}},"loc":{"start":{"line":115,"column":21},"end":{"line":120,"column":12}},"line":115},"3":{"name":"removeAccount","decl":{"start":{"line":122,"column":21},"end":{"line":126,"column":12}},"loc":{"start":{"line":122,"column":21},"end":{"line":126,"column":12}},"line":122},"4":{"name":"getAccountById","decl":{"start":{"line":128,"column":22},"end":{"line":131,"column":8}},"loc":{"start":{"line":128,"column":22},"end":{"line":131,"column":8}},"line":128},"5":{"name":"setAssets","decl":{"start":{"line":134,"column":17},"end":{"line":134,"column":45}},"loc":{"start":{"line":134,"column":17},"end":{"line":134,"column":45}},"line":134},"6":{"name":"addAsset","decl":{"start":{"line":136,"column":16},"end":{"line":139,"column":12}},"loc":{"start":{"line":136,"column":16},"end":{"line":139,"column":12}},"line":136},"7":{"name":"updateAsset","decl":{"start":{"line":141,"column":19},"end":{"line":146,"column":12}},"loc":{"start":{"line":141,"column":19},"end":{"line":146,"column":12}},"line":141},"8":{"name":"removeAsset","decl":{"start":{"line":148,"column":19},"end":{"line":151,"column":12}},"loc":{"start":{"line":148,"column":19},"end":{"line":151,"column":12}},"line":148},"9":{"name":"getAssetsByAccount","decl":{"start":{"line":153,"column":26},"end":{"line":156,"column":8}},"loc":{"start":{"line":153,"column":26},"end":{"line":156,"column":8}},"line":153},"10":{"name":"updatePortfolio","decl":{"start":{"line":159,"column":23},"end":{"line":162,"column":12}},"loc":{"start":{"line":159,"column":23},"end":{"line":162,"column":12}},"line":159},"11":{"name":"calculateTotalValue","decl":{"start":{"line":164,"column":27},"end":{"line":179,"column":8}},"loc":{"start":{"line":164,"column":27},"end":{"line":179,"column":8}},"line":164},"12":{"name":"updatePrice","decl":{"start":{"line":182,"column":19},"end":{"line":185,"column":12}},"loc":{"start":{"line":182,"column":19},"end":{"line":185,"column":12}},"line":182},"13":{"name":"setIsLoading","decl":{"start":{"line":188,"column":20},"end":{"line":188,"column":61}},"loc":{"start":{"line":188,"column":20},"end":{"line":188,"column":61}},"line":188},"14":{"name":"setError","decl":{"start":{"line":189,"column":16},"end":{"line":189,"column":42}},"loc":{"start":{"line":189,"column":16},"end":{"line":189,"column":42}},"line":189},"15":{"name":"partialize","decl":{"start":{"line":194,"column":18},"end":{"line":201,"column":9}},"loc":{"start":{"line":194,"column":18},"end":{"line":201,"column":9}},"line":194}},"f":{"0":6,"1":8,"2":5,"3":3,"4":2,"5":6,"6":9,"7":1,"8":1,"9":1,"10":1,"11":4,"12":3,"13":9,"14":3,"15":141}}
,"/home/jacob/dev/cygnus-wealth/cygnus-wealth-core/src/utils/formatters.ts": {"path":"/home/jacob/dev/cygnus-wealth/cygnus-wealth-core/src/utils/formatters.ts","all":false,"statementMap":{"0":{"start":{"line":1,"column":0},"end":{"line":1,"column":35}},"9":{"start":{"line":10,"column":0},"end":{"line":10,"column":30}},"10":{"start":{"line":11,"column":0},"end":{"line":11,"column":17}},"11":{"start":{"line":12,"column":0},"end":{"line":12,"column":24}},"12":{"start":{"line":13,"column":0},"end":{"line":13,"column":29}},"13":{"start":{"line":14,"column":0},"end":{"line":14,"column":11}},"14":{"start":{"line":15,"column":0},"end":{"line":15,"column":7}},"15":{"start":{"line":16,"column":0},"end":{"line":16,"column":60}},"16":{"start":{"line":17,"column":0},"end":{"line":17,"column":38}},"19":{"start":{"line":20,"column":0},"end":{"line":20,"column":58}},"20":{"start":{"line":21,"column":0},"end":{"line":21,"column":50}},"21":{"start":{"line":22,"column":0},"end":{"line":22,"column":5}},"24":{"start":{"line":25,"column":0},"end":{"line":25,"column":62}},"25":{"start":{"line":26,"column":0},"end":{"line":26,"column":19}},"26":{"start":{"line":27,"column":0},"end":{"line":27,"column":54}},"27":{"start":{"line":28,"column":0},"end":{"line":28,"column":15}},"28":{"start":{"line":29,"column":0},"end":{"line":29,"column":3}},"29":{"start":{"line":30,"column":0},"end":{"line":30,"column":1}}},"s":{"0":1,"9":1,"10":3,"11":3,"12":3,"13":3,"14":3,"15":3,"16":3,"19":3,"20":0,"21":0,"24":3,"25":3,"26":0,"27":0,"28":0,"29":3},"branchMap":{"0":{"type":"branch","line":10,"loc":{"start":{"line":10,"column":7},"end":{"line":30,"column":1}},"locations":[{"start":{"line":10,"column":7},"end":{"line":30,"column":1}}]},"1":{"type":"branch","line":20,"loc":{"start":{"line":20,"column":57},"end":{"line":22,"column":5}},"locations":[{"start":{"line":20,"column":57},"end":{"line":22,"column":5}}]},"2":{"type":"branch","line":26,"loc":{"start":{"line":26,"column":2},"end":{"line":29,"column":3}},"locations":[{"start":{"line":26,"column":2},"end":{"line":29,"column":3}}]}},"b":{"0":[3],"1":[0],"2":[0]},"fnMap":{"0":{"name":"formatBalance","decl":{"start":{"line":10,"column":7},"end":{"line":30,"column":1}},"loc":{"start":{"line":10,"column":7},"end":{"line":30,"column":1}},"line":10}},"f":{"0":3}}
,"/home/jacob/dev/cygnus-wealth/cygnus-wealth-core/src/utils/ses-compatibility.ts": {"path":"/home/jacob/dev/cygnus-wealth/cygnus-wealth-core/src/utils/ses-compatibility.ts","all":false,"statementMap":{"4":{"start":{"line":5,"column":0},"end":{"line":5,"column":39}},"5":{"start":{"line":6,"column":0},"end":{"line":6,"column":54}},"6":{"start":{"line":7,"column":0},"end":{"line":7,"column":58}},"7":{"start":{"line":8,"column":0},"end":{"line":8,"column":2}},"10":{"start":{"line":11,"column":0},"end":{"line":11,"column":25}},"11":{"start":{"line":12,"column":0},"end":{"line":12,"column":24}},"12":{"start":{"line":13,"column":0},"end":{"line":13,"column":50}},"13":{"start":{"line":14,"column":0},"end":{"line":14,"column":102}},"14":{"start":{"line":15,"column":0},"end":{"line":15,"column":9}},"15":{"start":{"line":16,"column":0},"end":{"line":16,"column":51}},"16":{"start":{"line":17,"column":0},"end":{"line":17,"column":17}},"18":{"start":{"line":19,"column":0},"end":{"line":19,"column":29}},"19":{"start":{"line":20,"column":0},"end":{"line":20,"column":5}},"20":{"start":{"line":21,"column":0},"end":{"line":21,"column":4}},"21":{"start":{"line":22,"column":0},"end":{"line":22,"column":106}},"22":{"start":{"line":23,"column":0},"end":{"line":23,"column":9}},"23":{"start":{"line":24,"column":0},"end":{"line":24,"column":55}},"24":{"start":{"line":25,"column":0},"end":{"line":25,"column":17}},"26":{"start":{"line":27,"column":0},"end":{"line":27,"column":33}},"27":{"start":{"line":28,"column":0},"end":{"line":28,"column":5}},"28":{"start":{"line":29,"column":0},"end":{"line":29,"column":3}},"29":{"start":{"line":30,"column":0},"end":{"line":30,"column":2}},"32":{"start":{"line":33,"column":0},"end":{"line":33,"column":26}},"33":{"start":{"line":34,"column":0},"end":{"line":34,"column":27}},"34":{"start":{"line":35,"column":0},"end":{"line":35,"column":97}},"35":{"start":{"line":36,"column":0},"end":{"line":36,"column":3}},"36":{"start":{"line":37,"column":0},"end":{"line":37,"column":1}}},"s":{"4":1,"5":4,"6":3,"7":4,"10":1,"11":1,"12":1,"13":1,"14":2,"15":2,"16":2,"18":1,"19":1,"20":2,"21":1,"22":1,"23":1,"24":1,"26":0,"27":0,"28":1,"29":1,"32":1,"33":1,"34":0,"35":0,"36":1},"branchMap":{"0":{"type":"branch","line":34,"loc":{"start":{"line":34,"column":26},"end":{"line":36,"column":3}},"locations":[{"start":{"line":34,"column":26},"end":{"line":36,"column":3}}]},"1":{"type":"branch","line":5,"loc":{"start":{"line":5,"column":32},"end":{"line":8,"column":2}},"locations":[{"start":{"line":5,"column":32},"end":{"line":8,"column":2}}]},"2":{"type":"branch","line":6,"loc":{"start":{"line":6,"column":40},"end":{"line":7,"column":58}},"locations":[{"start":{"line":6,"column":40},"end":{"line":7,"column":58}}]},"3":{"type":"branch","line":12,"loc":{"start":{"line":12,"column":7},"end":{"line":12,"column":24}},"locations":[{"start":{"line":12,"column":7},"end":{"line":12,"column":24}}]},"4":{"type":"branch","line":13,"loc":{"start":{"line":13,"column":15},"end":{"line":13,"column":50}},"locations":[{"start":{"line":13,"column":15},"end":{"line":13,"column":50}}]},"5":{"type":"branch","line":14,"loc":{"start":{"line":14,"column":18},"end":{"line":21,"column":4}},"locations":[{"start":{"line":14,"column":18},"end":{"line":21,"column":4}}]},"6":{"type":"branch","line":17,"loc":{"start":{"line":17,"column":4},"end":{"line":20,"column":5}},"locations":[{"start":{"line":17,"column":4},"end":{"line":20,"column":5}}]},"7":{"type":"branch","line":22,"loc":{"start":{"line":22,"column":22},"end":{"line":29,"column":3}},"locations":[{"start":{"line":22,"column":22},"end":{"line":29,"column":3}}]},"8":{"type":"branch","line":25,"loc":{"start":{"line":25,"column":4},"end":{"line":28,"column":5}},"locations":[{"start":{"line":25,"column":4},"end":{"line":28,"column":5}}]}},"b":{"0":[0],"1":[4],"2":[3],"3":[1],"4":[1],"5":[2],"6":[1],"7":[1],"8":[0]},"fnMap":{"0":{"name":"isSESEnvironment","decl":{"start":{"line":5,"column":32},"end":{"line":8,"column":2}},"loc":{"start":{"line":5,"column":32},"end":{"line":8,"column":2}},"line":5},"1":{"name":"now","decl":{"start":{"line":12,"column":7},"end":{"line":12,"column":24}},"loc":{"start":{"line":12,"column":7},"end":{"line":12,"column":24}},"line":12},"2":{"name":"toISOString","decl":{"start":{"line":13,"column":15},"end":{"line":13,"column":50}},"loc":{"start":{"line":13,"column":15},"end":{"line":13,"column":50}},"line":13},"3":{"name":"toLocaleString","decl":{"start":{"line":14,"column":18},"end":{"line":21,"column":4}},"loc":{"start":{"line":14,"column":18},"end":{"line":21,"column":4}},"line":14},"4":{"name":"toLocaleTimeString","decl":{"start":{"line":22,"column":22},"end":{"line":29,"column":3}},"loc":{"start":{"line":22,"column":22},"end":{"line":29,"column":3}},"line":22}},"f":{"0":4,"1":1,"2":1,"3":2,"4":1}}
}
